mode: set
github.com/PrivateCaptcha/PrivateCaptcha/pkg/api/middlewares.go:52.92,55.28 2 0
github.com/PrivateCaptcha/PrivateCaptcha/pkg/api/middlewares.go:55.28,56.71 1 0
github.com/PrivateCaptcha/PrivateCaptcha/pkg/api/middlewares.go:56.71,58.4 1 0
github.com/PrivateCaptcha/PrivateCaptcha/pkg/api/middlewares.go:61.2,61.15 1 0
github.com/PrivateCaptcha/PrivateCaptcha/pkg/api/middlewares.go:64.72,65.55 1 0
github.com/PrivateCaptcha/PrivateCaptcha/pkg/api/middlewares.go:65.55,67.3 1 0
github.com/PrivateCaptcha/PrivateCaptcha/pkg/api/middlewares.go:70.88,71.21 1 0
github.com/PrivateCaptcha/PrivateCaptcha/pkg/api/middlewares.go:71.21,74.3 2 0
github.com/PrivateCaptcha/PrivateCaptcha/pkg/api/middlewares.go:76.2,77.28 2 0
github.com/PrivateCaptcha/PrivateCaptcha/pkg/api/middlewares.go:77.28,80.3 2 0
github.com/PrivateCaptcha/PrivateCaptcha/pkg/api/middlewares.go:82.2,84.16 3 0
github.com/PrivateCaptcha/PrivateCaptcha/pkg/api/middlewares.go:84.16,86.27 2 0
github.com/PrivateCaptcha/PrivateCaptcha/pkg/api/middlewares.go:86.27,89.4 2 0
github.com/PrivateCaptcha/PrivateCaptcha/pkg/api/middlewares.go:91.3,91.34 1 0
github.com/PrivateCaptcha/PrivateCaptcha/pkg/api/middlewares.go:91.34,92.43 1 0
github.com/PrivateCaptcha/PrivateCaptcha/pkg/api/middlewares.go:92.43,94.5 1 0
github.com/PrivateCaptcha/PrivateCaptcha/pkg/api/middlewares.go:96.8,98.3 1 0
github.com/PrivateCaptcha/PrivateCaptcha/pkg/api/middlewares.go:100.2,100.12 1 0
github.com/PrivateCaptcha/PrivateCaptcha/pkg/api/middlewares.go:103.95,107.2 2 0
github.com/PrivateCaptcha/PrivateCaptcha/pkg/api/middlewares.go:109.100,111.2 1 0
github.com/PrivateCaptcha/PrivateCaptcha/pkg/api/middlewares.go:113.60,120.39 5 0
github.com/PrivateCaptcha/PrivateCaptcha/pkg/api/middlewares.go:120.39,123.4 1 0
github.com/PrivateCaptcha/PrivateCaptcha/pkg/api/middlewares.go:124.2,124.16 1 0
github.com/PrivateCaptcha/PrivateCaptcha/pkg/api/middlewares.go:124.16,127.3 2 0
github.com/PrivateCaptcha/PrivateCaptcha/pkg/api/middlewares.go:129.2,132.3 1 0
github.com/PrivateCaptcha/PrivateCaptcha/pkg/api/middlewares.go:137.51,147.33 2 0
github.com/PrivateCaptcha/PrivateCaptcha/pkg/api/middlewares.go:147.34,147.35 0 0
github.com/PrivateCaptcha/PrivateCaptcha/pkg/api/middlewares.go:148.34,148.35 0 0
github.com/PrivateCaptcha/PrivateCaptcha/pkg/api/middlewares.go:151.2,151.11 1 0
github.com/PrivateCaptcha/PrivateCaptcha/pkg/api/middlewares.go:154.70,167.2 8 0
github.com/PrivateCaptcha/PrivateCaptcha/pkg/api/middlewares.go:169.38,175.2 5 0
github.com/PrivateCaptcha/PrivateCaptcha/pkg/api/middlewares.go:178.97,180.16 2 0
github.com/PrivateCaptcha/PrivateCaptcha/pkg/api/middlewares.go:180.16,182.36 2 0
github.com/PrivateCaptcha/PrivateCaptcha/pkg/api/middlewares.go:182.36,184.4 1 0
github.com/PrivateCaptcha/PrivateCaptcha/pkg/api/middlewares.go:185.3,186.13 2 0
github.com/PrivateCaptcha/PrivateCaptcha/pkg/api/middlewares.go:189.2,192.31 3 0
github.com/PrivateCaptcha/PrivateCaptcha/pkg/api/middlewares.go:192.31,193.25 1 0
github.com/PrivateCaptcha/PrivateCaptcha/pkg/api/middlewares.go:193.25,195.4 1 0
github.com/PrivateCaptcha/PrivateCaptcha/pkg/api/middlewares.go:197.3,197.94 1 0
github.com/PrivateCaptcha/PrivateCaptcha/pkg/api/middlewares.go:197.94,199.4 1 0
github.com/PrivateCaptcha/PrivateCaptcha/pkg/api/middlewares.go:202.3,202.32 1 0
github.com/PrivateCaptcha/PrivateCaptcha/pkg/api/middlewares.go:202.32,203.100 1 0
github.com/PrivateCaptcha/PrivateCaptcha/pkg/api/middlewares.go:203.100,204.37 1 0
github.com/PrivateCaptcha/PrivateCaptcha/pkg/api/middlewares.go:204.37,206.6 1 0
github.com/PrivateCaptcha/PrivateCaptcha/pkg/api/middlewares.go:208.4,208.36 1 0
github.com/PrivateCaptcha/PrivateCaptcha/pkg/api/middlewares.go:212.2,212.12 1 0
github.com/PrivateCaptcha/PrivateCaptcha/pkg/api/middlewares.go:216.94,217.58 1 0
github.com/PrivateCaptcha/PrivateCaptcha/pkg/api/middlewares.go:217.58,220.3 1 0
github.com/PrivateCaptcha/PrivateCaptcha/pkg/api/middlewares.go:227.2,227.28 1 0
github.com/PrivateCaptcha/PrivateCaptcha/pkg/api/middlewares.go:227.28,228.77 1 0
github.com/PrivateCaptcha/PrivateCaptcha/pkg/api/middlewares.go:228.77,230.4 1 0
github.com/PrivateCaptcha/PrivateCaptcha/pkg/api/middlewares.go:234.2,234.12 1 0
github.com/PrivateCaptcha/PrivateCaptcha/pkg/api/middlewares.go:237.90,239.2 1 0
github.com/PrivateCaptcha/PrivateCaptcha/pkg/api/middlewares.go:241.68,242.32 1 0
github.com/PrivateCaptcha/PrivateCaptcha/pkg/api/middlewares.go:242.32,244.3 1 0
github.com/PrivateCaptcha/PrivateCaptcha/pkg/api/middlewares.go:246.2,246.30 1 0
github.com/PrivateCaptcha/PrivateCaptcha/pkg/api/middlewares.go:246.30,248.3 1 0
github.com/PrivateCaptcha/PrivateCaptcha/pkg/api/middlewares.go:250.2,250.34 1 0
github.com/PrivateCaptcha/PrivateCaptcha/pkg/api/middlewares.go:253.74,254.71 1 0
github.com/PrivateCaptcha/PrivateCaptcha/pkg/api/middlewares.go:254.71,259.36 3 0
github.com/PrivateCaptcha/PrivateCaptcha/pkg/api/middlewares.go:259.36,263.4 3 0
github.com/PrivateCaptcha/PrivateCaptcha/pkg/api/middlewares.go:265.3,267.40 2 0
github.com/PrivateCaptcha/PrivateCaptcha/pkg/api/middlewares.go:271.68,274.2 1 0
github.com/PrivateCaptcha/PrivateCaptcha/pkg/api/middlewares.go:276.67,277.71 1 0
github.com/PrivateCaptcha/PrivateCaptcha/pkg/api/middlewares.go:277.71,281.23 3 0
github.com/PrivateCaptcha/PrivateCaptcha/pkg/api/middlewares.go:281.23,285.4 3 0
github.com/PrivateCaptcha/PrivateCaptcha/pkg/api/middlewares.go:288.3,290.17 3 0
github.com/PrivateCaptcha/PrivateCaptcha/pkg/api/middlewares.go:290.17,291.15 1 0
github.com/PrivateCaptcha/PrivateCaptcha/pkg/api/middlewares.go:293.73,296.11 3 0
github.com/PrivateCaptcha/PrivateCaptcha/pkg/api/middlewares.go:297.28,300.11 3 0
github.com/PrivateCaptcha/PrivateCaptcha/pkg/api/middlewares.go:301.28,301.28 0 0
github.com/PrivateCaptcha/PrivateCaptcha/pkg/api/middlewares.go:303.25,305.30 1 0
github.com/PrivateCaptcha/PrivateCaptcha/pkg/api/middlewares.go:306.12,308.11 2 0
github.com/PrivateCaptcha/PrivateCaptcha/pkg/api/middlewares.go:312.3,312.22 1 0
github.com/PrivateCaptcha/PrivateCaptcha/pkg/api/middlewares.go:312.22,313.69 1 0
github.com/PrivateCaptcha/PrivateCaptcha/pkg/api/middlewares.go:313.69,314.47 1 0
github.com/PrivateCaptcha/PrivateCaptcha/pkg/api/middlewares.go:314.47,318.6 3 0
github.com/PrivateCaptcha/PrivateCaptcha/pkg/api/middlewares.go:319.10,323.5 3 0
github.com/PrivateCaptcha/PrivateCaptcha/pkg/api/middlewares.go:325.4,325.109 1 0
github.com/PrivateCaptcha/PrivateCaptcha/pkg/api/middlewares.go:325.109,328.25 2 0
github.com/PrivateCaptcha/PrivateCaptcha/pkg/api/middlewares.go:328.25,330.6 1 0
github.com/PrivateCaptcha/PrivateCaptcha/pkg/api/middlewares.go:330.11,332.6 1 0
github.com/PrivateCaptcha/PrivateCaptcha/pkg/api/middlewares.go:333.5,333.11 1 0
github.com/PrivateCaptcha/PrivateCaptcha/pkg/api/middlewares.go:336.4,336.69 1 0
github.com/PrivateCaptcha/PrivateCaptcha/pkg/api/middlewares.go:337.9,339.4 1 0
github.com/PrivateCaptcha/PrivateCaptcha/pkg/api/middlewares.go:341.3,341.40 1 0
github.com/PrivateCaptcha/PrivateCaptcha/pkg/api/middlewares.go:345.81,346.16 1 0
github.com/PrivateCaptcha/PrivateCaptcha/pkg/api/middlewares.go:346.16,348.3 1 0
github.com/PrivateCaptcha/PrivateCaptcha/pkg/api/middlewares.go:350.2,350.45 1 0
github.com/PrivateCaptcha/PrivateCaptcha/pkg/api/middlewares.go:350.45,353.3 2 0
github.com/PrivateCaptcha/PrivateCaptcha/pkg/api/middlewares.go:355.2,355.61 1 0
github.com/PrivateCaptcha/PrivateCaptcha/pkg/api/middlewares.go:355.61,358.3 2 0
github.com/PrivateCaptcha/PrivateCaptcha/pkg/api/middlewares.go:360.2,360.13 1 0
github.com/PrivateCaptcha/PrivateCaptcha/pkg/api/middlewares.go:363.43,365.2 1 0
github.com/PrivateCaptcha/PrivateCaptcha/pkg/api/middlewares.go:367.47,369.2 1 0
github.com/PrivateCaptcha/PrivateCaptcha/pkg/api/middlewares.go:371.129,372.46 1 0
github.com/PrivateCaptcha/PrivateCaptcha/pkg/api/middlewares.go:372.46,373.72 1 0
github.com/PrivateCaptcha/PrivateCaptcha/pkg/api/middlewares.go:373.72,376.35 3 0
github.com/PrivateCaptcha/PrivateCaptcha/pkg/api/middlewares.go:376.35,380.5 3 0
github.com/PrivateCaptcha/PrivateCaptcha/pkg/api/middlewares.go:386.4,387.18 2 0
github.com/PrivateCaptcha/PrivateCaptcha/pkg/api/middlewares.go:387.18,389.16 2 0
github.com/PrivateCaptcha/PrivateCaptcha/pkg/api/middlewares.go:390.74,392.12 2 0
github.com/PrivateCaptcha/PrivateCaptcha/pkg/api/middlewares.go:393.29,395.12 2 0
github.com/PrivateCaptcha/PrivateCaptcha/pkg/api/middlewares.go:396.26,396.26 0 0
github.com/PrivateCaptcha/PrivateCaptcha/pkg/api/middlewares.go:399.13,401.12 2 0
github.com/PrivateCaptcha/PrivateCaptcha/pkg/api/middlewares.go:405.4,405.21 1 0
github.com/PrivateCaptcha/PrivateCaptcha/pkg/api/middlewares.go:405.21,407.41 2 0
github.com/PrivateCaptcha/PrivateCaptcha/pkg/api/middlewares.go:407.41,410.6 2 0
github.com/PrivateCaptcha/PrivateCaptcha/pkg/api/middlewares.go:412.5,412.30 1 0
github.com/PrivateCaptcha/PrivateCaptcha/pkg/api/middlewares.go:412.30,416.6 3 0
github.com/PrivateCaptcha/PrivateCaptcha/pkg/api/middlewares.go:419.5,419.121 1 0
github.com/PrivateCaptcha/PrivateCaptcha/pkg/api/middlewares.go:419.121,423.6 3 0
github.com/PrivateCaptcha/PrivateCaptcha/pkg/api/middlewares.go:425.5,425.66 1 0
github.com/PrivateCaptcha/PrivateCaptcha/pkg/api/middlewares.go:426.10,428.5 1 0
github.com/PrivateCaptcha/PrivateCaptcha/pkg/api/middlewares.go:430.4,430.41 1 0
github.com/PrivateCaptcha/PrivateCaptcha/pkg/api/org.go:17.89,22.2 1 0
github.com/PrivateCaptcha/PrivateCaptcha/pkg/api/org.go:24.137,26.27 2 0
github.com/PrivateCaptcha/PrivateCaptcha/pkg/api/org.go:26.27,28.56 1 0
github.com/PrivateCaptcha/PrivateCaptcha/pkg/api/org.go:28.56,33.4 1 0
github.com/PrivateCaptcha/PrivateCaptcha/pkg/api/org.go:35.2,35.15 1 0
github.com/PrivateCaptcha/PrivateCaptcha/pkg/api/org.go:39.89,43.31 3 0
github.com/PrivateCaptcha/PrivateCaptcha/pkg/api/org.go:43.31,45.17 2 0
github.com/PrivateCaptcha/PrivateCaptcha/pkg/api/org.go:45.17,48.4 2 0
github.com/PrivateCaptcha/PrivateCaptcha/pkg/api/org.go:51.2,52.16 2 0
github.com/PrivateCaptcha/PrivateCaptcha/pkg/api/org.go:52.16,53.40 1 0
github.com/PrivateCaptcha/PrivateCaptcha/pkg/api/org.go:53.40,55.4 1 0
github.com/PrivateCaptcha/PrivateCaptcha/pkg/api/org.go:56.3,56.20 1 0
github.com/PrivateCaptcha/PrivateCaptcha/pkg/api/org.go:59.2,59.9 1 0
github.com/PrivateCaptcha/PrivateCaptcha/pkg/api/org.go:59.9,64.3 2 0
github.com/PrivateCaptcha/PrivateCaptcha/pkg/api/org.go:66.2,66.18 1 0
github.com/PrivateCaptcha/PrivateCaptcha/pkg/api/org.go:69.70,72.16 3 0
github.com/PrivateCaptcha/PrivateCaptcha/pkg/api/org.go:72.16,75.3 2 0
github.com/PrivateCaptcha/PrivateCaptcha/pkg/api/org.go:77.2,78.16 2 0
github.com/PrivateCaptcha/PrivateCaptcha/pkg/api/org.go:78.16,82.3 3 0
github.com/PrivateCaptcha/PrivateCaptcha/pkg/api/org.go:84.2,85.24 2 0
github.com/PrivateCaptcha/PrivateCaptcha/pkg/api/org.go:85.24,87.3 1 0
github.com/PrivateCaptcha/PrivateCaptcha/pkg/api/org.go:89.2,90.91 2 0
github.com/PrivateCaptcha/PrivateCaptcha/pkg/api/org.go:93.69,94.70 1 0
github.com/PrivateCaptcha/PrivateCaptcha/pkg/api/org.go:94.70,97.3 2 0
github.com/PrivateCaptcha/PrivateCaptcha/pkg/api/org.go:99.2,101.16 3 0
github.com/PrivateCaptcha/PrivateCaptcha/pkg/api/org.go:101.16,104.3 2 0
github.com/PrivateCaptcha/PrivateCaptcha/pkg/api/org.go:106.2,106.24 1 0
github.com/PrivateCaptcha/PrivateCaptcha/pkg/api/org.go:106.24,110.3 3 0
github.com/PrivateCaptcha/PrivateCaptcha/pkg/api/org.go:112.2,113.64 2 0
github.com/PrivateCaptcha/PrivateCaptcha/pkg/api/org.go:113.64,114.20 1 0
github.com/PrivateCaptcha/PrivateCaptcha/pkg/api/org.go:114.20,116.4 1 0
github.com/PrivateCaptcha/PrivateCaptcha/pkg/api/org.go:117.3,118.9 2 0
github.com/PrivateCaptcha/PrivateCaptcha/pkg/api/org.go:121.2,121.25 1 0
github.com/PrivateCaptcha/PrivateCaptcha/pkg/api/org.go:121.25,125.3 3 0
github.com/PrivateCaptcha/PrivateCaptcha/pkg/api/org.go:127.2,127.103 1 0
github.com/PrivateCaptcha/PrivateCaptcha/pkg/api/org.go:127.103,130.3 2 0
github.com/PrivateCaptcha/PrivateCaptcha/pkg/api/org.go:132.2,132.66 1 0
github.com/PrivateCaptcha/PrivateCaptcha/pkg/api/org.go:132.66,135.3 2 0
github.com/PrivateCaptcha/PrivateCaptcha/pkg/api/org.go:137.2,138.16 2 0
github.com/PrivateCaptcha/PrivateCaptcha/pkg/api/org.go:138.16,142.3 3 0
github.com/PrivateCaptcha/PrivateCaptcha/pkg/api/org.go:144.2,147.80 3 0
github.com/PrivateCaptcha/PrivateCaptcha/pkg/api/org.go:150.68,151.70 1 0
github.com/PrivateCaptcha/PrivateCaptcha/pkg/api/org.go:151.70,154.3 2 0
github.com/PrivateCaptcha/PrivateCaptcha/pkg/api/org.go:156.2,158.16 3 0
github.com/PrivateCaptcha/PrivateCaptcha/pkg/api/org.go:158.16,161.3 2 0
github.com/PrivateCaptcha/PrivateCaptcha/pkg/api/org.go:163.2,164.64 2 0
github.com/PrivateCaptcha/PrivateCaptcha/pkg/api/org.go:164.64,165.20 1 0
github.com/PrivateCaptcha/PrivateCaptcha/pkg/api/org.go:165.20,167.4 1 0
github.com/PrivateCaptcha/PrivateCaptcha/pkg/api/org.go:168.3,169.9 2 0
github.com/PrivateCaptcha/PrivateCaptcha/pkg/api/org.go:172.2,172.26 1 0
github.com/PrivateCaptcha/PrivateCaptcha/pkg/api/org.go:172.26,176.3 3 0
github.com/PrivateCaptcha/PrivateCaptcha/pkg/api/org.go:178.2,178.28 1 0
github.com/PrivateCaptcha/PrivateCaptcha/pkg/api/org.go:178.28,182.3 3 0
github.com/PrivateCaptcha/PrivateCaptcha/pkg/api/org.go:184.2,185.16 2 0
github.com/PrivateCaptcha/PrivateCaptcha/pkg/api/org.go:185.16,189.3 3 0
github.com/PrivateCaptcha/PrivateCaptcha/pkg/api/org.go:191.2,191.64 1 0
github.com/PrivateCaptcha/PrivateCaptcha/pkg/api/org.go:191.64,195.3 3 0
github.com/PrivateCaptcha/PrivateCaptcha/pkg/api/org.go:197.2,197.103 1 0
github.com/PrivateCaptcha/PrivateCaptcha/pkg/api/org.go:197.103,200.3 2 0
github.com/PrivateCaptcha/PrivateCaptcha/pkg/api/org.go:202.2,203.16 2 0
github.com/PrivateCaptcha/PrivateCaptcha/pkg/api/org.go:203.16,204.14 1 0
github.com/PrivateCaptcha/PrivateCaptcha/pkg/api/org.go:205.26,206.71 1 0
github.com/PrivateCaptcha/PrivateCaptcha/pkg/api/org.go:207.26,208.68 1 0
github.com/PrivateCaptcha/PrivateCaptcha/pkg/api/org.go:209.11,210.59 1 0
github.com/PrivateCaptcha/PrivateCaptcha/pkg/api/org.go:212.3,212.9 1 0
github.com/PrivateCaptcha/PrivateCaptcha/pkg/api/org.go:215.2,215.62 1 0
github.com/PrivateCaptcha/PrivateCaptcha/pkg/api/org.go:215.62,219.3 3 0
github.com/PrivateCaptcha/PrivateCaptcha/pkg/api/org.go:221.2,222.16 2 0
github.com/PrivateCaptcha/PrivateCaptcha/pkg/api/org.go:222.16,226.3 3 0
github.com/PrivateCaptcha/PrivateCaptcha/pkg/api/org.go:228.2,231.80 3 0
github.com/PrivateCaptcha/PrivateCaptcha/pkg/api/org.go:234.68,235.70 1 0
github.com/PrivateCaptcha/PrivateCaptcha/pkg/api/org.go:235.70,238.3 2 0
github.com/PrivateCaptcha/PrivateCaptcha/pkg/api/org.go:240.2,242.16 3 0
github.com/PrivateCaptcha/PrivateCaptcha/pkg/api/org.go:242.16,245.3 2 0
github.com/PrivateCaptcha/PrivateCaptcha/pkg/api/org.go:247.2,248.64 2 0
github.com/PrivateCaptcha/PrivateCaptcha/pkg/api/org.go:248.64,249.20 1 0
github.com/PrivateCaptcha/PrivateCaptcha/pkg/api/org.go:249.20,251.4 1 0
github.com/PrivateCaptcha/PrivateCaptcha/pkg/api/org.go:252.3,253.9 2 0
github.com/PrivateCaptcha/PrivateCaptcha/pkg/api/org.go:256.2,256.26 1 0
github.com/PrivateCaptcha/PrivateCaptcha/pkg/api/org.go:256.26,260.3 3 0
github.com/PrivateCaptcha/PrivateCaptcha/pkg/api/org.go:262.2,263.16 2 0
github.com/PrivateCaptcha/PrivateCaptcha/pkg/api/org.go:263.16,267.3 3 0
github.com/PrivateCaptcha/PrivateCaptcha/pkg/api/org.go:269.2,269.64 1 0
github.com/PrivateCaptcha/PrivateCaptcha/pkg/api/org.go:269.64,273.3 3 0
github.com/PrivateCaptcha/PrivateCaptcha/pkg/api/org.go:275.2,276.16 2 0
github.com/PrivateCaptcha/PrivateCaptcha/pkg/api/org.go:276.16,277.14 1 0
github.com/PrivateCaptcha/PrivateCaptcha/pkg/api/org.go:278.26,279.71 1 0
github.com/PrivateCaptcha/PrivateCaptcha/pkg/api/org.go:280.26,281.68 1 0
github.com/PrivateCaptcha/PrivateCaptcha/pkg/api/org.go:282.11,283.59 1 0
github.com/PrivateCaptcha/PrivateCaptcha/pkg/api/org.go:285.3,285.9 1 0
github.com/PrivateCaptcha/PrivateCaptcha/pkg/api/org.go:288.2,288.56 1 0
github.com/PrivateCaptcha/PrivateCaptcha/pkg/api/org.go:288.56,292.3 3 0
github.com/PrivateCaptcha/PrivateCaptcha/pkg/api/org.go:294.2,295.16 2 0
github.com/PrivateCaptcha/PrivateCaptcha/pkg/api/org.go:295.16,299.3 3 0
github.com/PrivateCaptcha/PrivateCaptcha/pkg/api/org.go:301.2,303.80 2 0
github.com/PrivateCaptcha/PrivateCaptcha/pkg/api/property.go:46.43,61.18 6 1
github.com/PrivateCaptcha/PrivateCaptcha/pkg/api/property.go:65.38,65.38 0 1
github.com/PrivateCaptcha/PrivateCaptcha/pkg/api/property.go:66.10,67.50 1 1
github.com/PrivateCaptcha/PrivateCaptcha/pkg/api/property.go:70.2,70.27 1 1
github.com/PrivateCaptcha/PrivateCaptcha/pkg/api/property.go:70.27,73.3 2 1
github.com/PrivateCaptcha/PrivateCaptcha/pkg/api/property.go:73.8,76.3 2 1
github.com/PrivateCaptcha/PrivateCaptcha/pkg/api/property.go:79.151,80.70 1 0
github.com/PrivateCaptcha/PrivateCaptcha/pkg/api/property.go:80.70,82.3 1 0
github.com/PrivateCaptcha/PrivateCaptcha/pkg/api/property.go:84.2,87.91 2 0
github.com/PrivateCaptcha/PrivateCaptcha/pkg/api/property.go:87.91,89.39 2 0
github.com/PrivateCaptcha/PrivateCaptcha/pkg/api/property.go:89.39,91.4 1 0
github.com/PrivateCaptcha/PrivateCaptcha/pkg/api/property.go:94.2,97.67 3 0
github.com/PrivateCaptcha/PrivateCaptcha/pkg/api/property.go:97.67,98.20 1 0
github.com/PrivateCaptcha/PrivateCaptcha/pkg/api/property.go:98.20,100.4 1 0
github.com/PrivateCaptcha/PrivateCaptcha/pkg/api/property.go:101.3,101.36 1 0
github.com/PrivateCaptcha/PrivateCaptcha/pkg/api/property.go:104.2,104.21 1 0
github.com/PrivateCaptcha/PrivateCaptcha/pkg/api/property.go:104.21,105.44 1 0
github.com/PrivateCaptcha/PrivateCaptcha/pkg/api/property.go:105.44,108.4 2 0
github.com/PrivateCaptcha/PrivateCaptcha/pkg/api/property.go:110.3,111.48 2 0
github.com/PrivateCaptcha/PrivateCaptcha/pkg/api/property.go:111.48,112.21 1 0
github.com/PrivateCaptcha/PrivateCaptcha/pkg/api/property.go:112.21,114.5 1 0
github.com/PrivateCaptcha/PrivateCaptcha/pkg/api/property.go:115.4,115.37 1 0
github.com/PrivateCaptcha/PrivateCaptcha/pkg/api/property.go:118.3,121.34 3 0
github.com/PrivateCaptcha/PrivateCaptcha/pkg/api/property.go:121.34,124.4 2 0
github.com/PrivateCaptcha/PrivateCaptcha/pkg/api/property.go:126.3,126.108 1 0
github.com/PrivateCaptcha/PrivateCaptcha/pkg/api/property.go:126.108,129.4 2 0
github.com/PrivateCaptcha/PrivateCaptcha/pkg/api/property.go:131.3,133.29 2 0
github.com/PrivateCaptcha/PrivateCaptcha/pkg/api/property.go:133.29,136.4 2 0
github.com/PrivateCaptcha/PrivateCaptcha/pkg/api/property.go:138.3,139.17 2 0
github.com/PrivateCaptcha/PrivateCaptcha/pkg/api/property.go:139.17,142.4 2 0
github.com/PrivateCaptcha/PrivateCaptcha/pkg/api/property.go:144.3,144.33 1 0
github.com/PrivateCaptcha/PrivateCaptcha/pkg/api/property.go:144.33,147.4 2 0
github.com/PrivateCaptcha/PrivateCaptcha/pkg/api/property.go:149.3,149.33 1 0
github.com/PrivateCaptcha/PrivateCaptcha/pkg/api/property.go:149.33,152.4 2 0
github.com/PrivateCaptcha/PrivateCaptcha/pkg/api/property.go:154.3,154.56 1 0
github.com/PrivateCaptcha/PrivateCaptcha/pkg/api/property.go:154.56,157.4 2 0
github.com/PrivateCaptcha/PrivateCaptcha/pkg/api/property.go:159.3,159.34 1 0
github.com/PrivateCaptcha/PrivateCaptcha/pkg/api/property.go:162.2,162.67 1 0
github.com/PrivateCaptcha/PrivateCaptcha/pkg/api/property.go:162.67,163.20 1 0
github.com/PrivateCaptcha/PrivateCaptcha/pkg/api/property.go:163.20,165.4 1 0
github.com/PrivateCaptcha/PrivateCaptcha/pkg/api/property.go:166.3,166.36 1 0
github.com/PrivateCaptcha/PrivateCaptcha/pkg/api/property.go:169.2,169.37 1 0
github.com/PrivateCaptcha/PrivateCaptcha/pkg/api/property.go:172.76,175.16 3 0
github.com/PrivateCaptcha/PrivateCaptcha/pkg/api/property.go:175.16,178.3 2 0
github.com/PrivateCaptcha/PrivateCaptcha/pkg/api/property.go:180.2,181.16 2 0
github.com/PrivateCaptcha/PrivateCaptcha/pkg/api/property.go:181.16,182.32 1 0
github.com/PrivateCaptcha/PrivateCaptcha/pkg/api/property.go:182.32,184.4 1 0
github.com/PrivateCaptcha/PrivateCaptcha/pkg/api/property.go:184.9,186.4 1 0
github.com/PrivateCaptcha/PrivateCaptcha/pkg/api/property.go:187.3,187.9 1 0
github.com/PrivateCaptcha/PrivateCaptcha/pkg/api/property.go:190.2,191.16 2 0
github.com/PrivateCaptcha/PrivateCaptcha/pkg/api/property.go:191.16,194.3 2 0
github.com/PrivateCaptcha/PrivateCaptcha/pkg/api/property.go:195.2,195.31 1 0
github.com/PrivateCaptcha/PrivateCaptcha/pkg/api/property.go:195.31,198.3 2 0
github.com/PrivateCaptcha/PrivateCaptcha/pkg/api/property.go:200.2,201.16 2 0
github.com/PrivateCaptcha/PrivateCaptcha/pkg/api/property.go:201.16,204.3 2 0
github.com/PrivateCaptcha/PrivateCaptcha/pkg/api/property.go:207.2,207.137 1 0
github.com/PrivateCaptcha/PrivateCaptcha/pkg/api/property.go:207.137,211.3 3 0
github.com/PrivateCaptcha/PrivateCaptcha/pkg/api/property.go:213.2,223.16 6 0
github.com/PrivateCaptcha/PrivateCaptcha/pkg/api/property.go:223.16,226.3 2 0
github.com/PrivateCaptcha/PrivateCaptcha/pkg/api/property.go:228.2,234.32 3 0
github.com/PrivateCaptcha/PrivateCaptcha/pkg/api/property.go:234.32,237.64 3 0
github.com/PrivateCaptcha/PrivateCaptcha/pkg/api/property.go:237.64,239.4 1 0
github.com/PrivateCaptcha/PrivateCaptcha/pkg/api/property.go:243.101,250.59 5 0
github.com/PrivateCaptcha/PrivateCaptcha/pkg/api/property.go:250.59,254.3 2 0
github.com/PrivateCaptcha/PrivateCaptcha/pkg/api/property.go:256.2,257.16 2 0
github.com/PrivateCaptcha/PrivateCaptcha/pkg/api/property.go:257.16,260.3 2 0
github.com/PrivateCaptcha/PrivateCaptcha/pkg/api/property.go:262.2,263.16 2 0
github.com/PrivateCaptcha/PrivateCaptcha/pkg/api/property.go:263.16,266.3 2 0
github.com/PrivateCaptcha/PrivateCaptcha/pkg/api/property.go:268.2,269.16 2 0
github.com/PrivateCaptcha/PrivateCaptcha/pkg/api/property.go:269.16,272.3 2 0
github.com/PrivateCaptcha/PrivateCaptcha/pkg/api/property.go:274.2,274.18 1 0
github.com/PrivateCaptcha/PrivateCaptcha/pkg/api/property.go:277.158,279.16 2 0
github.com/PrivateCaptcha/PrivateCaptcha/pkg/api/property.go:279.16,282.3 2 0
github.com/PrivateCaptcha/PrivateCaptcha/pkg/api/property.go:284.2,285.16 2 0
github.com/PrivateCaptcha/PrivateCaptcha/pkg/api/property.go:285.16,288.3 2 0
github.com/PrivateCaptcha/PrivateCaptcha/pkg/api/property.go:290.2,300.45 4 0
github.com/PrivateCaptcha/PrivateCaptcha/pkg/api/property.go:300.45,301.12 1 0
github.com/PrivateCaptcha/PrivateCaptcha/pkg/api/property.go:301.12,303.4 1 0
github.com/PrivateCaptcha/PrivateCaptcha/pkg/api/property.go:308.3,312.27 3 0
github.com/PrivateCaptcha/PrivateCaptcha/pkg/api/property.go:312.27,315.107 2 0
github.com/PrivateCaptcha/PrivateCaptcha/pkg/api/property.go:315.107,317.10 2 0
github.com/PrivateCaptcha/PrivateCaptcha/pkg/api/property.go:322.2,322.44 1 0
github.com/PrivateCaptcha/PrivateCaptcha/pkg/api/property.go:322.44,324.3 1 0
github.com/PrivateCaptcha/PrivateCaptcha/pkg/api/property.go:326.2,326.21 1 0
github.com/PrivateCaptcha/PrivateCaptcha/pkg/api/property.go:329.170,333.16 2 0
github.com/PrivateCaptcha/PrivateCaptcha/pkg/api/property.go:333.16,336.3 2 0
github.com/PrivateCaptcha/PrivateCaptcha/pkg/api/property.go:342.2,355.16 3 0
github.com/PrivateCaptcha/PrivateCaptcha/pkg/api/property.go:355.16,358.3 2 0
github.com/PrivateCaptcha/PrivateCaptcha/pkg/api/property.go:360.2,362.24 2 0
github.com/PrivateCaptcha/PrivateCaptcha/pkg/api/property.go:365.120,366.70 1 0
github.com/PrivateCaptcha/PrivateCaptcha/pkg/api/property.go:366.70,368.3 1 0
github.com/PrivateCaptcha/PrivateCaptcha/pkg/api/property.go:370.2,372.67 2 0
github.com/PrivateCaptcha/PrivateCaptcha/pkg/api/property.go:372.67,373.20 1 0
github.com/PrivateCaptcha/PrivateCaptcha/pkg/api/property.go:373.20,375.4 1 0
github.com/PrivateCaptcha/PrivateCaptcha/pkg/api/property.go:376.3,376.36 1 0
github.com/PrivateCaptcha/PrivateCaptcha/pkg/api/property.go:379.2,382.21 3 0
github.com/PrivateCaptcha/PrivateCaptcha/pkg/api/property.go:382.21,383.49 1 0
github.com/PrivateCaptcha/PrivateCaptcha/pkg/api/property.go:383.49,386.4 2 0
github.com/PrivateCaptcha/PrivateCaptcha/pkg/api/property.go:388.3,389.48 2 0
github.com/PrivateCaptcha/PrivateCaptcha/pkg/api/property.go:389.48,390.21 1 0
github.com/PrivateCaptcha/PrivateCaptcha/pkg/api/property.go:390.21,392.5 1 0
github.com/PrivateCaptcha/PrivateCaptcha/pkg/api/property.go:393.4,393.37 1 0
github.com/PrivateCaptcha/PrivateCaptcha/pkg/api/property.go:396.3,397.17 2 0
github.com/PrivateCaptcha/PrivateCaptcha/pkg/api/property.go:397.17,400.4 2 0
github.com/PrivateCaptcha/PrivateCaptcha/pkg/api/property.go:402.3,402.35 1 0
github.com/PrivateCaptcha/PrivateCaptcha/pkg/api/property.go:402.35,404.12 2 0
github.com/PrivateCaptcha/PrivateCaptcha/pkg/api/property.go:407.3,408.47 2 0
github.com/PrivateCaptcha/PrivateCaptcha/pkg/api/property.go:411.2,411.67 1 0
github.com/PrivateCaptcha/PrivateCaptcha/pkg/api/property.go:411.67,412.20 1 0
github.com/PrivateCaptcha/PrivateCaptcha/pkg/api/property.go:412.20,414.4 1 0
github.com/PrivateCaptcha/PrivateCaptcha/pkg/api/property.go:415.3,415.36 1 0
github.com/PrivateCaptcha/PrivateCaptcha/pkg/api/property.go:418.2,418.27 1 0
github.com/PrivateCaptcha/PrivateCaptcha/pkg/api/property.go:418.27,421.3 2 0
github.com/PrivateCaptcha/PrivateCaptcha/pkg/api/property.go:423.2,423.42 1 0
github.com/PrivateCaptcha/PrivateCaptcha/pkg/api/property.go:426.75,429.16 3 0
github.com/PrivateCaptcha/PrivateCaptcha/pkg/api/property.go:429.16,432.3 2 0
github.com/PrivateCaptcha/PrivateCaptcha/pkg/api/property.go:434.2,435.16 2 0
github.com/PrivateCaptcha/PrivateCaptcha/pkg/api/property.go:435.16,438.3 2 0
github.com/PrivateCaptcha/PrivateCaptcha/pkg/api/property.go:439.2,439.31 1 0
github.com/PrivateCaptcha/PrivateCaptcha/pkg/api/property.go:439.31,442.3 2 0
github.com/PrivateCaptcha/PrivateCaptcha/pkg/api/property.go:444.2,449.24 3 0
github.com/PrivateCaptcha/PrivateCaptcha/pkg/api/property.go:449.24,451.3 1 0
github.com/PrivateCaptcha/PrivateCaptcha/pkg/api/property.go:453.2,457.16 4 0
github.com/PrivateCaptcha/PrivateCaptcha/pkg/api/property.go:457.16,460.3 2 0
github.com/PrivateCaptcha/PrivateCaptcha/pkg/api/property.go:462.2,468.32 3 0
github.com/PrivateCaptcha/PrivateCaptcha/pkg/api/property.go:468.32,471.64 3 0
github.com/PrivateCaptcha/PrivateCaptcha/pkg/api/property.go:471.64,473.4 1 0
github.com/PrivateCaptcha/PrivateCaptcha/pkg/api/property.go:477.101,484.59 5 0
github.com/PrivateCaptcha/PrivateCaptcha/pkg/api/property.go:484.59,487.3 2 0
github.com/PrivateCaptcha/PrivateCaptcha/pkg/api/property.go:489.2,490.16 2 0
github.com/PrivateCaptcha/PrivateCaptcha/pkg/api/property.go:490.16,493.3 2 0
github.com/PrivateCaptcha/PrivateCaptcha/pkg/api/property.go:495.2,496.16 2 0
github.com/PrivateCaptcha/PrivateCaptcha/pkg/api/property.go:496.16,499.3 2 0
github.com/PrivateCaptcha/PrivateCaptcha/pkg/api/property.go:501.2,502.16 2 0
github.com/PrivateCaptcha/PrivateCaptcha/pkg/api/property.go:502.16,505.3 2 0
github.com/PrivateCaptcha/PrivateCaptcha/pkg/api/property.go:507.2,507.18 1 0
github.com/PrivateCaptcha/PrivateCaptcha/pkg/api/property.go:510.158,512.30 2 0
github.com/PrivateCaptcha/PrivateCaptcha/pkg/api/property.go:512.30,515.106 3 0
github.com/PrivateCaptcha/PrivateCaptcha/pkg/api/property.go:515.106,517.4 1 0
github.com/PrivateCaptcha/PrivateCaptcha/pkg/api/property.go:520.2,521.16 2 0
github.com/PrivateCaptcha/PrivateCaptcha/pkg/api/property.go:521.16,524.3 2 0
github.com/PrivateCaptcha/PrivateCaptcha/pkg/api/property.go:526.2,530.48 3 0
github.com/PrivateCaptcha/PrivateCaptcha/pkg/api/property.go:530.48,532.43 2 0
github.com/PrivateCaptcha/PrivateCaptcha/pkg/api/property.go:532.43,535.4 2 0
github.com/PrivateCaptcha/PrivateCaptcha/pkg/api/property.go:536.3,536.36 1 0
github.com/PrivateCaptcha/PrivateCaptcha/pkg/api/property.go:539.2,539.21 1 0
github.com/PrivateCaptcha/PrivateCaptcha/pkg/api/property.go:542.138,543.70 1 0
github.com/PrivateCaptcha/PrivateCaptcha/pkg/api/property.go:543.70,545.3 1 0
github.com/PrivateCaptcha/PrivateCaptcha/pkg/api/property.go:547.2,549.67 2 0
github.com/PrivateCaptcha/PrivateCaptcha/pkg/api/property.go:549.67,550.20 1 0
github.com/PrivateCaptcha/PrivateCaptcha/pkg/api/property.go:550.20,552.4 1 0
github.com/PrivateCaptcha/PrivateCaptcha/pkg/api/property.go:553.3,553.36 1 0
github.com/PrivateCaptcha/PrivateCaptcha/pkg/api/property.go:556.2,560.21 4 0
github.com/PrivateCaptcha/PrivateCaptcha/pkg/api/property.go:560.21,561.44 1 0
github.com/PrivateCaptcha/PrivateCaptcha/pkg/api/property.go:561.44,564.4 2 0
github.com/PrivateCaptcha/PrivateCaptcha/pkg/api/property.go:566.3,567.48 2 0
github.com/PrivateCaptcha/PrivateCaptcha/pkg/api/property.go:567.48,568.21 1 0
github.com/PrivateCaptcha/PrivateCaptcha/pkg/api/property.go:568.21,570.5 1 0
github.com/PrivateCaptcha/PrivateCaptcha/pkg/api/property.go:571.4,571.37 1 0
github.com/PrivateCaptcha/PrivateCaptcha/pkg/api/property.go:574.3,576.25 2 0
github.com/PrivateCaptcha/PrivateCaptcha/pkg/api/property.go:576.25,579.4 2 0
github.com/PrivateCaptcha/PrivateCaptcha/pkg/api/property.go:581.3,581.36 1 0
github.com/PrivateCaptcha/PrivateCaptcha/pkg/api/property.go:581.36,584.4 2 0
github.com/PrivateCaptcha/PrivateCaptcha/pkg/api/property.go:586.3,589.33 3 0
github.com/PrivateCaptcha/PrivateCaptcha/pkg/api/property.go:589.33,592.4 2 0
github.com/PrivateCaptcha/PrivateCaptcha/pkg/api/property.go:594.3,594.108 1 0
github.com/PrivateCaptcha/PrivateCaptcha/pkg/api/property.go:594.108,597.4 2 0
github.com/PrivateCaptcha/PrivateCaptcha/pkg/api/property.go:599.3,601.34 2 0
github.com/PrivateCaptcha/PrivateCaptcha/pkg/api/property.go:604.2,604.67 1 0
github.com/PrivateCaptcha/PrivateCaptcha/pkg/api/property.go:604.67,605.20 1 0
github.com/PrivateCaptcha/PrivateCaptcha/pkg/api/property.go:605.20,607.4 1 0
github.com/PrivateCaptcha/PrivateCaptcha/pkg/api/property.go:608.3,608.36 1 0
github.com/PrivateCaptcha/PrivateCaptcha/pkg/api/property.go:611.2,611.22 1 0
github.com/PrivateCaptcha/PrivateCaptcha/pkg/api/property.go:611.22,614.3 2 0
github.com/PrivateCaptcha/PrivateCaptcha/pkg/api/property.go:616.2,616.37 1 0
github.com/PrivateCaptcha/PrivateCaptcha/pkg/api/property.go:619.75,622.16 3 0
github.com/PrivateCaptcha/PrivateCaptcha/pkg/api/property.go:622.16,625.3 2 0
github.com/PrivateCaptcha/PrivateCaptcha/pkg/api/property.go:627.2,628.16 2 0
github.com/PrivateCaptcha/PrivateCaptcha/pkg/api/property.go:628.16,631.3 2 0
github.com/PrivateCaptcha/PrivateCaptcha/pkg/api/property.go:632.2,632.31 1 0
github.com/PrivateCaptcha/PrivateCaptcha/pkg/api/property.go:632.31,635.3 2 0
github.com/PrivateCaptcha/PrivateCaptcha/pkg/api/property.go:637.2,642.24 3 0
github.com/PrivateCaptcha/PrivateCaptcha/pkg/api/property.go:642.24,644.3 1 0
github.com/PrivateCaptcha/PrivateCaptcha/pkg/api/property.go:646.2,650.16 4 0
github.com/PrivateCaptcha/PrivateCaptcha/pkg/api/property.go:650.16,653.3 2 0
github.com/PrivateCaptcha/PrivateCaptcha/pkg/api/property.go:655.2,661.32 3 0
github.com/PrivateCaptcha/PrivateCaptcha/pkg/api/property.go:661.32,664.64 3 0
github.com/PrivateCaptcha/PrivateCaptcha/pkg/api/property.go:664.64,666.4 1 0
github.com/PrivateCaptcha/PrivateCaptcha/pkg/api/property.go:670.101,677.59 5 0
github.com/PrivateCaptcha/PrivateCaptcha/pkg/api/property.go:677.59,680.3 2 0
github.com/PrivateCaptcha/PrivateCaptcha/pkg/api/property.go:682.2,683.16 2 0
github.com/PrivateCaptcha/PrivateCaptcha/pkg/api/property.go:683.16,686.3 2 0
github.com/PrivateCaptcha/PrivateCaptcha/pkg/api/property.go:688.2,689.16 2 0
github.com/PrivateCaptcha/PrivateCaptcha/pkg/api/property.go:689.16,692.3 2 0
github.com/PrivateCaptcha/PrivateCaptcha/pkg/api/property.go:694.2,695.16 2 0
github.com/PrivateCaptcha/PrivateCaptcha/pkg/api/property.go:695.16,698.3 2 0
github.com/PrivateCaptcha/PrivateCaptcha/pkg/api/property.go:700.2,700.18 1 0
github.com/PrivateCaptcha/PrivateCaptcha/pkg/api/property.go:703.158,714.30 4 0
github.com/PrivateCaptcha/PrivateCaptcha/pkg/api/property.go:714.30,717.106 3 0
github.com/PrivateCaptcha/PrivateCaptcha/pkg/api/property.go:717.106,719.4 1 0
github.com/PrivateCaptcha/PrivateCaptcha/pkg/api/property.go:722.2,722.45 1 0
github.com/PrivateCaptcha/PrivateCaptcha/pkg/api/property.go:722.45,723.12 1 0
github.com/PrivateCaptcha/PrivateCaptcha/pkg/api/property.go:723.12,725.4 1 0
github.com/PrivateCaptcha/PrivateCaptcha/pkg/api/property.go:727.3,728.60 2 0
github.com/PrivateCaptcha/PrivateCaptcha/pkg/api/property.go:731.2,731.21 1 0
github.com/PrivateCaptcha/PrivateCaptcha/pkg/api/property.go:734.175,736.16 2 0
github.com/PrivateCaptcha/PrivateCaptcha/pkg/api/property.go:736.16,739.3 2 0
github.com/PrivateCaptcha/PrivateCaptcha/pkg/api/property.go:741.2,755.16 4 0
github.com/PrivateCaptcha/PrivateCaptcha/pkg/api/property.go:755.16,756.31 1 0
github.com/PrivateCaptcha/PrivateCaptcha/pkg/api/property.go:756.31,758.4 1 0
github.com/PrivateCaptcha/PrivateCaptcha/pkg/api/property.go:759.3,760.30 2 0
github.com/PrivateCaptcha/PrivateCaptcha/pkg/api/property.go:763.2,765.24 2 0
github.com/PrivateCaptcha/PrivateCaptcha/pkg/api/property.go:768.111,774.2 1 0
github.com/PrivateCaptcha/PrivateCaptcha/pkg/api/property.go:776.121,778.38 2 0
github.com/PrivateCaptcha/PrivateCaptcha/pkg/api/property.go:778.38,780.3 1 0
github.com/PrivateCaptcha/PrivateCaptcha/pkg/api/property.go:781.2,781.15 1 0
github.com/PrivateCaptcha/PrivateCaptcha/pkg/api/property.go:784.75,787.16 3 0
github.com/PrivateCaptcha/PrivateCaptcha/pkg/api/property.go:787.16,790.3 2 0
github.com/PrivateCaptcha/PrivateCaptcha/pkg/api/property.go:792.2,793.16 2 0
github.com/PrivateCaptcha/PrivateCaptcha/pkg/api/property.go:793.16,794.32 1 0
github.com/PrivateCaptcha/PrivateCaptcha/pkg/api/property.go:794.32,796.4 1 0
github.com/PrivateCaptcha/PrivateCaptcha/pkg/api/property.go:796.9,798.4 1 0
github.com/PrivateCaptcha/PrivateCaptcha/pkg/api/property.go:799.3,799.9 1 0
github.com/PrivateCaptcha/PrivateCaptcha/pkg/api/property.go:802.2,804.24 3 0
github.com/PrivateCaptcha/PrivateCaptcha/pkg/api/property.go:804.24,805.54 1 0
github.com/PrivateCaptcha/PrivateCaptcha/pkg/api/property.go:805.54,808.4 2 0
github.com/PrivateCaptcha/PrivateCaptcha/pkg/api/property.go:809.3,809.15 1 0
github.com/PrivateCaptcha/PrivateCaptcha/pkg/api/property.go:809.15,812.4 2 0
github.com/PrivateCaptcha/PrivateCaptcha/pkg/api/property.go:815.2,817.27 3 0
github.com/PrivateCaptcha/PrivateCaptcha/pkg/api/property.go:817.27,818.60 1 0
github.com/PrivateCaptcha/PrivateCaptcha/pkg/api/property.go:818.60,821.4 2 0
github.com/PrivateCaptcha/PrivateCaptcha/pkg/api/property.go:822.3,822.19 1 0
github.com/PrivateCaptcha/PrivateCaptcha/pkg/api/property.go:822.19,825.4 2 0
github.com/PrivateCaptcha/PrivateCaptcha/pkg/api/property.go:828.2,834.103 4 0
github.com/PrivateCaptcha/PrivateCaptcha/pkg/api/property.go:834.103,837.3 2 0
github.com/PrivateCaptcha/PrivateCaptcha/pkg/api/property.go:839.2,840.16 2 0
github.com/PrivateCaptcha/PrivateCaptcha/pkg/api/property.go:840.16,844.3 3 0
github.com/PrivateCaptcha/PrivateCaptcha/pkg/api/property.go:846.2,860.60 4 0
github.com/PrivateCaptcha/PrivateCaptcha/pkg/api/property.go:863.73,866.16 3 0
github.com/PrivateCaptcha/PrivateCaptcha/pkg/api/property.go:866.16,869.3 2 0
github.com/PrivateCaptcha/PrivateCaptcha/pkg/api/property.go:871.2,872.16 2 0
github.com/PrivateCaptcha/PrivateCaptcha/pkg/api/property.go:872.16,873.32 1 0
github.com/PrivateCaptcha/PrivateCaptcha/pkg/api/property.go:873.32,875.4 1 0
github.com/PrivateCaptcha/PrivateCaptcha/pkg/api/property.go:875.9,877.4 1 0
github.com/PrivateCaptcha/PrivateCaptcha/pkg/api/property.go:878.3,878.9 1 0
github.com/PrivateCaptcha/PrivateCaptcha/pkg/api/property.go:881.2,882.16 2 0
github.com/PrivateCaptcha/PrivateCaptcha/pkg/api/property.go:882.16,883.64 1 0
github.com/PrivateCaptcha/PrivateCaptcha/pkg/api/property.go:883.64,885.4 1 0
github.com/PrivateCaptcha/PrivateCaptcha/pkg/api/property.go:885.9,887.4 1 0
github.com/PrivateCaptcha/PrivateCaptcha/pkg/api/property.go:888.3,888.9 1 0
github.com/PrivateCaptcha/PrivateCaptcha/pkg/api/property.go:891.2,904.40 2 0
github.com/PrivateCaptcha/PrivateCaptcha/pkg/api/salt.go:20.62,24.2 1 0
github.com/PrivateCaptcha/PrivateCaptcha/pkg/api/salt.go:26.38,29.2 2 0
github.com/PrivateCaptcha/PrivateCaptcha/pkg/api/salt.go:31.44,33.2 1 0
github.com/PrivateCaptcha/PrivateCaptcha/pkg/api/salt.go:40.78,45.2 1 0
github.com/PrivateCaptcha/PrivateCaptcha/pkg/api/salt.go:47.45,49.16 2 0
github.com/PrivateCaptcha/PrivateCaptcha/pkg/api/salt.go:49.16,51.3 1 0
github.com/PrivateCaptcha/PrivateCaptcha/pkg/api/salt.go:54.2,54.25 1 0
github.com/PrivateCaptcha/PrivateCaptcha/pkg/api/salt.go:54.25,56.3 1 0
github.com/PrivateCaptcha/PrivateCaptcha/pkg/api/salt.go:58.2,60.12 2 0
github.com/PrivateCaptcha/PrivateCaptcha/pkg/api/salt.go:63.46,65.2 1 0
github.com/PrivateCaptcha/PrivateCaptcha/pkg/api/server.go:54.13,60.16 3 1
github.com/PrivateCaptcha/PrivateCaptcha/pkg/api/server.go:60.16,61.13 1 0
github.com/PrivateCaptcha/PrivateCaptcha/pkg/api/server.go:64.2,68.16 2 1
github.com/PrivateCaptcha/PrivateCaptcha/pkg/api/server.go:68.16,69.13 1 0
github.com/PrivateCaptcha/PrivateCaptcha/pkg/api/server.go:100.80,101.93 1 0
github.com/PrivateCaptcha/PrivateCaptcha/pkg/api/server.go:101.93,104.3 2 0
github.com/PrivateCaptcha/PrivateCaptcha/pkg/api/server.go:106.2,106.88 1 0
github.com/PrivateCaptcha/PrivateCaptcha/pkg/api/server.go:106.88,110.17 2 0
github.com/PrivateCaptcha/PrivateCaptcha/pkg/api/server.go:110.17,112.4 1 0
github.com/PrivateCaptcha/PrivateCaptcha/pkg/api/server.go:113.3,113.18 1 0
github.com/PrivateCaptcha/PrivateCaptcha/pkg/api/server.go:116.2,116.29 1 0
github.com/PrivateCaptcha/PrivateCaptcha/pkg/api/server.go:119.97,121.16 2 0
github.com/PrivateCaptcha/PrivateCaptcha/pkg/api/server.go:121.16,122.67 1 0
github.com/PrivateCaptcha/PrivateCaptcha/pkg/api/server.go:122.67,124.4 1 0
github.com/PrivateCaptcha/PrivateCaptcha/pkg/api/server.go:125.3,125.22 1 0
github.com/PrivateCaptcha/PrivateCaptcha/pkg/api/server.go:128.2,128.39 1 0
github.com/PrivateCaptcha/PrivateCaptcha/pkg/api/server.go:128.39,130.3 1 0
github.com/PrivateCaptcha/PrivateCaptcha/pkg/api/server.go:132.2,132.29 1 0
github.com/PrivateCaptcha/PrivateCaptcha/pkg/api/server.go:132.29,134.3 1 0
github.com/PrivateCaptcha/PrivateCaptcha/pkg/api/server.go:136.2,137.24 2 0
github.com/PrivateCaptcha/PrivateCaptcha/pkg/api/server.go:137.24,140.3 2 0
github.com/PrivateCaptcha/PrivateCaptcha/pkg/api/server.go:142.2,142.40 1 0
github.com/PrivateCaptcha/PrivateCaptcha/pkg/api/server.go:165.104,168.47 2 0
github.com/PrivateCaptcha/PrivateCaptcha/pkg/api/server.go:168.47,171.3 2 0
github.com/PrivateCaptcha/PrivateCaptcha/pkg/api/server.go:173.2,183.12 8 0
github.com/PrivateCaptcha/PrivateCaptcha/pkg/api/server.go:186.104,199.20 2 0
github.com/PrivateCaptcha/PrivateCaptcha/pkg/api/server.go:199.20,203.3 3 0
github.com/PrivateCaptcha/PrivateCaptcha/pkg/api/server.go:205.2,212.11 6 0
github.com/PrivateCaptcha/PrivateCaptcha/pkg/api/server.go:215.29,222.2 5 0
github.com/PrivateCaptcha/PrivateCaptcha/pkg/api/server.go:224.102,254.2 13 0
github.com/PrivateCaptcha/PrivateCaptcha/pkg/api/server.go:256.74,260.108 2 0
github.com/PrivateCaptcha/PrivateCaptcha/pkg/api/server.go:260.108,262.3 1 0
github.com/PrivateCaptcha/PrivateCaptcha/pkg/api/server.go:264.2,264.37 1 0
github.com/PrivateCaptcha/PrivateCaptcha/pkg/api/server.go:267.72,270.16 3 0
github.com/PrivateCaptcha/PrivateCaptcha/pkg/api/server.go:270.16,271.32 1 0
github.com/PrivateCaptcha/PrivateCaptcha/pkg/api/server.go:271.32,278.4 5 0
github.com/PrivateCaptcha/PrivateCaptcha/pkg/api/server.go:280.3,281.27 2 0
github.com/PrivateCaptcha/PrivateCaptcha/pkg/api/server.go:281.27,283.4 1 0
github.com/PrivateCaptcha/PrivateCaptcha/pkg/api/server.go:283.9,285.4 1 0
github.com/PrivateCaptcha/PrivateCaptcha/pkg/api/server.go:287.3,288.9 2 0
github.com/PrivateCaptcha/PrivateCaptcha/pkg/api/server.go:291.2,293.21 3 0
github.com/PrivateCaptcha/PrivateCaptcha/pkg/api/server.go:293.21,296.3 2 0
github.com/PrivateCaptcha/PrivateCaptcha/pkg/api/server.go:298.2,298.68 1 0
github.com/PrivateCaptcha/PrivateCaptcha/pkg/api/server.go:298.68,300.3 1 0
github.com/PrivateCaptcha/PrivateCaptcha/pkg/api/server.go:302.2,302.40 1 0
github.com/PrivateCaptcha/PrivateCaptcha/pkg/api/server.go:307.81,310.38 2 0
github.com/PrivateCaptcha/PrivateCaptcha/pkg/api/server.go:310.38,314.3 3 0
github.com/PrivateCaptcha/PrivateCaptcha/pkg/api/server.go:316.2,317.20 2 0
github.com/PrivateCaptcha/PrivateCaptcha/pkg/api/server.go:317.20,321.3 3 0
github.com/PrivateCaptcha/PrivateCaptcha/pkg/api/server.go:323.2,324.16 2 0
github.com/PrivateCaptcha/PrivateCaptcha/pkg/api/server.go:324.16,327.3 2 0
github.com/PrivateCaptcha/PrivateCaptcha/pkg/api/server.go:329.2,329.80 1 0
github.com/PrivateCaptcha/PrivateCaptcha/pkg/api/server.go:329.80,331.114 2 0
github.com/PrivateCaptcha/PrivateCaptcha/pkg/api/server.go:331.114,335.4 3 0
github.com/PrivateCaptcha/PrivateCaptcha/pkg/api/server.go:338.2,340.16 3 0
github.com/PrivateCaptcha/PrivateCaptcha/pkg/api/server.go:340.16,341.14 1 0
github.com/PrivateCaptcha/PrivateCaptcha/pkg/api/server.go:342.23,345.78 1 0
github.com/PrivateCaptcha/PrivateCaptcha/pkg/api/server.go:346.11,347.98 1 0
github.com/PrivateCaptcha/PrivateCaptcha/pkg/api/server.go:349.3,349.9 1 0
github.com/PrivateCaptcha/PrivateCaptcha/pkg/api/server.go:352.2,352.20 1 0
github.com/PrivateCaptcha/PrivateCaptcha/pkg/api/server.go:352.20,354.3 1 0
github.com/PrivateCaptcha/PrivateCaptcha/pkg/api/server.go:356.2,356.52 1 0
github.com/PrivateCaptcha/PrivateCaptcha/pkg/api/server.go:356.52,361.3 2 0
github.com/PrivateCaptcha/PrivateCaptcha/pkg/api/server.go:363.2,371.117 3 0
github.com/PrivateCaptcha/PrivateCaptcha/pkg/api/server.go:371.117,377.3 1 0
github.com/PrivateCaptcha/PrivateCaptcha/pkg/api/server.go:379.2,379.74 1 0
github.com/PrivateCaptcha/PrivateCaptcha/pkg/api/server.go:383.74,387.16 3 0
github.com/PrivateCaptcha/PrivateCaptcha/pkg/api/server.go:387.16,391.3 3 0
github.com/PrivateCaptcha/PrivateCaptcha/pkg/api/server.go:393.2,394.16 2 0
github.com/PrivateCaptcha/PrivateCaptcha/pkg/api/server.go:394.16,398.3 3 0
github.com/PrivateCaptcha/PrivateCaptcha/pkg/api/server.go:400.2,400.82 1 0
github.com/PrivateCaptcha/PrivateCaptcha/pkg/api/server.go:400.82,402.114 2 0
github.com/PrivateCaptcha/PrivateCaptcha/pkg/api/server.go:402.114,406.4 3 0
github.com/PrivateCaptcha/PrivateCaptcha/pkg/api/server.go:409.2,411.16 3 0
github.com/PrivateCaptcha/PrivateCaptcha/pkg/api/server.go:411.16,412.14 1 0
github.com/PrivateCaptcha/PrivateCaptcha/pkg/api/server.go:413.23,416.78 1 0
github.com/PrivateCaptcha/PrivateCaptcha/pkg/api/server.go:417.11,418.98 1 0
github.com/PrivateCaptcha/PrivateCaptcha/pkg/api/server.go:420.3,420.9 1 0
github.com/PrivateCaptcha/PrivateCaptcha/pkg/api/server.go:423.2,423.20 1 0
github.com/PrivateCaptcha/PrivateCaptcha/pkg/api/server.go:423.20,425.3 1 0
github.com/PrivateCaptcha/PrivateCaptcha/pkg/api/server.go:427.2,427.52 1 0
github.com/PrivateCaptcha/PrivateCaptcha/pkg/api/server.go:427.52,432.3 2 0
github.com/PrivateCaptcha/PrivateCaptcha/pkg/api/server.go:434.2,441.88 2 0
github.com/PrivateCaptcha/PrivateCaptcha/pkg/api/server.go:444.84,459.58 4 0
github.com/PrivateCaptcha/PrivateCaptcha/pkg/api/server.go:459.58,461.3 1 0
github.com/PrivateCaptcha/PrivateCaptcha/pkg/api/server.go:464.52,469.2 1 0
github.com/PrivateCaptcha/PrivateCaptcha/pkg/api/server.go:478.126,480.2 1 0
github.com/PrivateCaptcha/PrivateCaptcha/pkg/api/server.go:481.121,483.2 1 0
github.com/PrivateCaptcha/PrivateCaptcha/pkg/api/server.go:484.120,486.2 1 0
github.com/PrivateCaptcha/PrivateCaptcha/pkg/api/server.go:487.172,489.34 2 0
github.com/PrivateCaptcha/PrivateCaptcha/pkg/api/server.go:489.34,491.3 1 0
github.com/PrivateCaptcha/PrivateCaptcha/pkg/api/server.go:492.2,492.20 1 0
github.com/PrivateCaptcha/PrivateCaptcha/pkg/api/server_enterprise.go:27.139,28.31 1 0
github.com/PrivateCaptcha/PrivateCaptcha/pkg/api/server_enterprise.go:28.31,30.3 1 0
github.com/PrivateCaptcha/PrivateCaptcha/pkg/api/server_enterprise.go:33.2,46.165 11 0
github.com/PrivateCaptcha/PrivateCaptcha/pkg/api/server_enterprise.go:49.60,50.91 1 0
github.com/PrivateCaptcha/PrivateCaptcha/pkg/api/server_enterprise.go:50.91,52.3 1 0
github.com/PrivateCaptcha/PrivateCaptcha/pkg/api/server_enterprise.go:53.2,53.91 1 0
github.com/PrivateCaptcha/PrivateCaptcha/pkg/api/server_enterprise.go:53.91,55.3 1 0
github.com/PrivateCaptcha/PrivateCaptcha/pkg/api/server_enterprise.go:56.2,56.91 1 0
github.com/PrivateCaptcha/PrivateCaptcha/pkg/api/server_enterprise.go:56.91,58.3 1 0
github.com/PrivateCaptcha/PrivateCaptcha/pkg/api/server_enterprise.go:61.102,64.16 3 0
github.com/PrivateCaptcha/PrivateCaptcha/pkg/api/server_enterprise.go:64.16,66.3 1 0
github.com/PrivateCaptcha/PrivateCaptcha/pkg/api/server_enterprise.go:68.2,68.95 1 0
github.com/PrivateCaptcha/PrivateCaptcha/pkg/api/server_enterprise.go:68.95,72.3 2 0
github.com/PrivateCaptcha/PrivateCaptcha/pkg/api/server_enterprise.go:74.2,75.16 2 0
github.com/PrivateCaptcha/PrivateCaptcha/pkg/api/server_enterprise.go:75.16,77.3 1 0
github.com/PrivateCaptcha/PrivateCaptcha/pkg/api/server_enterprise.go:79.2,79.32 1 0
github.com/PrivateCaptcha/PrivateCaptcha/pkg/api/server_enterprise.go:79.32,81.3 1 0
github.com/PrivateCaptcha/PrivateCaptcha/pkg/api/server_enterprise.go:83.2,83.47 1 0
github.com/PrivateCaptcha/PrivateCaptcha/pkg/api/server_enterprise.go:86.136,90.16 3 0
github.com/PrivateCaptcha/PrivateCaptcha/pkg/api/server_enterprise.go:90.16,93.3 2 0
github.com/PrivateCaptcha/PrivateCaptcha/pkg/api/server_enterprise.go:95.2,95.82 1 0
github.com/PrivateCaptcha/PrivateCaptcha/pkg/api/server_enterprise.go:95.82,98.3 2 0
github.com/PrivateCaptcha/PrivateCaptcha/pkg/api/server_enterprise.go:100.2,101.16 2 0
github.com/PrivateCaptcha/PrivateCaptcha/pkg/api/server_enterprise.go:101.16,103.3 1 0
github.com/PrivateCaptcha/PrivateCaptcha/pkg/api/server_enterprise.go:105.2,105.15 1 0
github.com/PrivateCaptcha/PrivateCaptcha/pkg/api/server_enterprise.go:105.15,106.57 1 0
github.com/PrivateCaptcha/PrivateCaptcha/pkg/api/server_enterprise.go:106.57,108.4 1 0
github.com/PrivateCaptcha/PrivateCaptcha/pkg/api/server_enterprise.go:111.2,111.17 1 0
github.com/PrivateCaptcha/PrivateCaptcha/pkg/api/server_enterprise.go:114.101,118.16 3 0
github.com/PrivateCaptcha/PrivateCaptcha/pkg/api/server_enterprise.go:118.16,121.3 2 0
github.com/PrivateCaptcha/PrivateCaptcha/pkg/api/server_enterprise.go:123.2,124.16 2 0
github.com/PrivateCaptcha/PrivateCaptcha/pkg/api/server_enterprise.go:124.16,126.3 1 0
github.com/PrivateCaptcha/PrivateCaptcha/pkg/api/server_enterprise.go:128.2,128.22 1 0
github.com/PrivateCaptcha/PrivateCaptcha/pkg/api/server_enterprise.go:131.74,132.13 1 0
github.com/PrivateCaptcha/PrivateCaptcha/pkg/api/server_enterprise.go:133.28,134.75 1 0
github.com/PrivateCaptcha/PrivateCaptcha/pkg/api/server_enterprise.go:135.26,136.79 1 0
github.com/PrivateCaptcha/PrivateCaptcha/pkg/api/server_enterprise.go:137.34,138.89 1 0
github.com/PrivateCaptcha/PrivateCaptcha/pkg/api/server_enterprise.go:139.25,140.95 1 0
github.com/PrivateCaptcha/PrivateCaptcha/pkg/api/server_enterprise.go:141.95,142.77 1 0
github.com/PrivateCaptcha/PrivateCaptcha/pkg/api/server_enterprise.go:143.25,144.75 1 0
github.com/PrivateCaptcha/PrivateCaptcha/pkg/api/server_enterprise.go:145.10,146.97 1 0
github.com/PrivateCaptcha/PrivateCaptcha/pkg/api/server_enterprise.go:150.103,152.2 1 0
github.com/PrivateCaptcha/PrivateCaptcha/pkg/api/server_enterprise.go:154.142,160.65 2 0
github.com/PrivateCaptcha/PrivateCaptcha/pkg/api/server_enterprise.go:160.65,162.3 1 0
github.com/PrivateCaptcha/PrivateCaptcha/pkg/api/server_enterprise.go:164.2,164.55 1 0
github.com/PrivateCaptcha/PrivateCaptcha/pkg/api/server_enterprise.go:167.124,175.65 2 0
github.com/PrivateCaptcha/PrivateCaptcha/pkg/api/server_enterprise.go:175.65,177.3 1 0
github.com/PrivateCaptcha/PrivateCaptcha/pkg/api/server_enterprise.go:179.2,183.60 3 0
github.com/PrivateCaptcha/PrivateCaptcha/pkg/api/task.go:14.71,17.16 3 0
github.com/PrivateCaptcha/PrivateCaptcha/pkg/api/task.go:17.16,20.3 2 0
github.com/PrivateCaptcha/PrivateCaptcha/pkg/api/task.go:22.2,23.16 2 0
github.com/PrivateCaptcha/PrivateCaptcha/pkg/api/task.go:23.16,27.3 3 0
github.com/PrivateCaptcha/PrivateCaptcha/pkg/api/task.go:29.2,30.17 2 0
github.com/PrivateCaptcha/PrivateCaptcha/pkg/api/task.go:30.17,34.3 3 0
github.com/PrivateCaptcha/PrivateCaptcha/pkg/api/task.go:36.2,37.16 2 0
github.com/PrivateCaptcha/PrivateCaptcha/pkg/api/task.go:37.16,40.3 2 0
github.com/PrivateCaptcha/PrivateCaptcha/pkg/api/task.go:42.2,44.28 2 0
github.com/PrivateCaptcha/PrivateCaptcha/pkg/api/task.go:44.28,48.62 3 0
github.com/PrivateCaptcha/PrivateCaptcha/pkg/api/task.go:48.62,50.4 1 0
github.com/PrivateCaptcha/PrivateCaptcha/pkg/api/task.go:50.9,53.4 2 0
github.com/PrivateCaptcha/PrivateCaptcha/pkg/api/task.go:56.2,56.44 1 0
github.com/PrivateCaptcha/PrivateCaptcha/pkg/api/verifier.go:39.74,48.2 2 0
github.com/PrivateCaptcha/PrivateCaptcha/pkg/api/verifier.go:50.54,51.40 1 0
github.com/PrivateCaptcha/PrivateCaptcha/pkg/api/verifier.go:51.40,54.3 2 0
github.com/PrivateCaptcha/PrivateCaptcha/pkg/api/verifier.go:56.2,58.16 3 0
github.com/PrivateCaptcha/PrivateCaptcha/pkg/api/verifier.go:58.16,61.3 2 0
github.com/PrivateCaptcha/PrivateCaptcha/pkg/api/verifier.go:63.2,63.54 1 0
github.com/PrivateCaptcha/PrivateCaptcha/pkg/api/verifier.go:63.54,66.3 2 0
github.com/PrivateCaptcha/PrivateCaptcha/pkg/api/verifier.go:68.2,68.12 1 0
github.com/PrivateCaptcha/PrivateCaptcha/pkg/api/verifier.go:71.55,72.29 1 0
github.com/PrivateCaptcha/PrivateCaptcha/pkg/api/verifier.go:72.29,74.3 1 0
github.com/PrivateCaptcha/PrivateCaptcha/pkg/api/verifier.go:76.2,76.34 1 0
github.com/PrivateCaptcha/PrivateCaptcha/pkg/api/verifier.go:79.116,81.2 1 0
github.com/PrivateCaptcha/PrivateCaptcha/pkg/api/verifier.go:83.111,85.16 2 0
github.com/PrivateCaptcha/PrivateCaptcha/pkg/api/verifier.go:85.16,88.3 2 0
github.com/PrivateCaptcha/PrivateCaptcha/pkg/api/verifier.go:90.2,92.25 3 0
github.com/PrivateCaptcha/PrivateCaptcha/pkg/api/verifier.go:95.107,97.40 1 0
github.com/PrivateCaptcha/PrivateCaptcha/pkg/api/verifier.go:97.40,102.77 4 0
github.com/PrivateCaptcha/PrivateCaptcha/pkg/api/verifier.go:102.77,104.4 1 0
github.com/PrivateCaptcha/PrivateCaptcha/pkg/api/verifier.go:105.3,105.30 1 0
github.com/PrivateCaptcha/PrivateCaptcha/pkg/api/verifier.go:108.2,108.67 1 0
github.com/PrivateCaptcha/PrivateCaptcha/pkg/api/verifier.go:111.160,116.76 4 0
github.com/PrivateCaptcha/PrivateCaptcha/pkg/api/verifier.go:116.76,119.3 2 0
github.com/PrivateCaptcha/PrivateCaptcha/pkg/api/verifier.go:121.2,121.60 1 0
github.com/PrivateCaptcha/PrivateCaptcha/pkg/api/verifier.go:121.60,124.3 2 0
github.com/PrivateCaptcha/PrivateCaptcha/pkg/api/verifier.go:127.2,127.31 1 0
github.com/PrivateCaptcha/PrivateCaptcha/pkg/api/verifier.go:127.31,128.92 1 0
github.com/PrivateCaptcha/PrivateCaptcha/pkg/api/verifier.go:128.92,130.4 1 0
github.com/PrivateCaptcha/PrivateCaptcha/pkg/api/verifier.go:135.2,137.16 3 0
github.com/PrivateCaptcha/PrivateCaptcha/pkg/api/verifier.go:137.16,138.14 1 0
github.com/PrivateCaptcha/PrivateCaptcha/pkg/api/verifier.go:139.72,140.46 1 0
github.com/PrivateCaptcha/PrivateCaptcha/pkg/api/verifier.go:141.26,142.46 1 0
github.com/PrivateCaptcha/PrivateCaptcha/pkg/api/verifier.go:143.11,145.42 2 0
github.com/PrivateCaptcha/PrivateCaptcha/pkg/api/verifier.go:149.2,150.56 2 0
github.com/PrivateCaptcha/PrivateCaptcha/pkg/api/verifier.go:150.56,152.3 1 0
github.com/PrivateCaptcha/PrivateCaptcha/pkg/api/verifier.go:154.2,154.51 1 0
github.com/PrivateCaptcha/PrivateCaptcha/pkg/api/verifier.go:154.51,157.3 2 0
github.com/PrivateCaptcha/PrivateCaptcha/pkg/api/verifier.go:159.2,159.30 1 0
github.com/PrivateCaptcha/PrivateCaptcha/pkg/api/verifier.go:159.30,160.87 1 0
github.com/PrivateCaptcha/PrivateCaptcha/pkg/api/verifier.go:160.87,162.4 1 0
github.com/PrivateCaptcha/PrivateCaptcha/pkg/api/verifier.go:165.2,165.42 1 0
github.com/PrivateCaptcha/PrivateCaptcha/pkg/api/verifier.go:168.107,173.83 1 0
github.com/PrivateCaptcha/PrivateCaptcha/pkg/api/verifier.go:173.83,175.3 1 0
github.com/PrivateCaptcha/PrivateCaptcha/pkg/api/verifier.go:177.2,183.60 2 0
github.com/PrivateCaptcha/PrivateCaptcha/pkg/api/verifier.go:183.60,185.3 1 0
github.com/PrivateCaptcha/PrivateCaptcha/pkg/api/verifier.go:187.2,189.14 2 0
github.com/PrivateCaptcha/PrivateCaptcha/pkg/api/verifier.go:192.168,196.51 4 0
github.com/PrivateCaptcha/PrivateCaptcha/pkg/api/verifier.go:196.51,199.22 3 0
github.com/PrivateCaptcha/PrivateCaptcha/pkg/api/verifier.go:199.22,203.4 1 0
github.com/PrivateCaptcha/PrivateCaptcha/pkg/api/verifier.go:204.3,204.68 1 0
github.com/PrivateCaptcha/PrivateCaptcha/pkg/api/verifier.go:206.2,206.21 1 0
github.com/PrivateCaptcha/PrivateCaptcha/pkg/api/verifier.go:206.21,211.3 4 0
github.com/PrivateCaptcha/PrivateCaptcha/pkg/api/verifier.go:212.2,212.73 1 0
github.com/PrivateCaptcha/PrivateCaptcha/pkg/api/verifier.go:212.73,214.3 1 0
github.com/PrivateCaptcha/PrivateCaptcha/pkg/api/verifier.go:216.2,216.21 1 0
github.com/PrivateCaptcha/PrivateCaptcha/pkg/api/verifier.go:216.21,219.79 1 0
github.com/PrivateCaptcha/PrivateCaptcha/pkg/api/verifier.go:219.79,220.55 1 0
github.com/PrivateCaptcha/PrivateCaptcha/pkg/api/verifier.go:220.55,223.5 2 0
github.com/PrivateCaptcha/PrivateCaptcha/pkg/api/verifier.go:226.4,226.92 1 0
github.com/PrivateCaptcha/PrivateCaptcha/pkg/api/verifier.go:226.92,230.5 3 0
github.com/PrivateCaptcha/PrivateCaptcha/pkg/api/verifier.go:231.9,234.4 2 0
github.com/PrivateCaptcha/PrivateCaptcha/pkg/api/verifier.go:237.2,237.88 1 0
github.com/PrivateCaptcha/PrivateCaptcha/pkg/api/verifier.go:237.88,240.22 2 0
github.com/PrivateCaptcha/PrivateCaptcha/pkg/api/verifier.go:240.22,242.4 1 0
github.com/PrivateCaptcha/PrivateCaptcha/pkg/api/verifier.go:243.3,246.21 3 0
github.com/PrivateCaptcha/PrivateCaptcha/pkg/api/verifier.go:249.2,249.81 1 0
github.com/PrivateCaptcha/PrivateCaptcha/pkg/api/verifier.go:249.81,251.3 1 0
github.com/PrivateCaptcha/PrivateCaptcha/pkg/api/verifier.go:251.8,251.32 1 0
github.com/PrivateCaptcha/PrivateCaptcha/pkg/api/verifier.go:251.32,253.3 1 0
github.com/PrivateCaptcha/PrivateCaptcha/pkg/api/verifier.go:255.2,255.20 1 0
github.com/PrivateCaptcha/PrivateCaptcha/pkg/api/verifier.go:258.66,260.18 2 0
github.com/PrivateCaptcha/PrivateCaptcha/pkg/api/verifier.go:260.18,262.3 1 0
github.com/PrivateCaptcha/PrivateCaptcha/pkg/api/verifier.go:265.2,265.18 1 0
github.com/PrivateCaptcha/PrivateCaptcha/pkg/api/verifier.go:265.18,267.3 1 0
github.com/PrivateCaptcha/PrivateCaptcha/pkg/api/verifier.go:269.2,269.93 1 0
github.com/PrivateCaptcha/PrivateCaptcha/pkg/api/verifier.go:269.93,271.3 1 0
github.com/PrivateCaptcha/PrivateCaptcha/pkg/api/verifier.go:273.2,273.10 1 0
github.com/PrivateCaptcha/PrivateCaptcha/pkg/api/verifier.go:276.121,284.60 4 0
github.com/PrivateCaptcha/PrivateCaptcha/pkg/api/verifier.go:284.60,286.31 2 0
github.com/PrivateCaptcha/PrivateCaptcha/pkg/api/verifier.go:286.31,289.4 1 0
github.com/PrivateCaptcha/PrivateCaptcha/pkg/api/verifier.go:291.3,291.40 1 0
github.com/PrivateCaptcha/PrivateCaptcha/pkg/api/verifier.go:291.40,293.4 1 0
github.com/PrivateCaptcha/PrivateCaptcha/pkg/api/verifier.go:295.3,301.71 3 0
github.com/PrivateCaptcha/PrivateCaptcha/pkg/api/verifier.go:301.71,303.4 1 0
github.com/PrivateCaptcha/PrivateCaptcha/pkg/api/verifier.go:305.3,307.30 2 0
github.com/PrivateCaptcha/PrivateCaptcha/pkg/api/verifier.go:310.2,312.16 3 0
github.com/PrivateCaptcha/PrivateCaptcha/pkg/api/verifier.go:312.16,315.3 2 0
github.com/PrivateCaptcha/PrivateCaptcha/pkg/api/verifier.go:315.8,319.43 1 0
github.com/PrivateCaptcha/PrivateCaptcha/pkg/api/verifier.go:319.43,322.4 1 0
github.com/PrivateCaptcha/PrivateCaptcha/pkg/api/verifier.go:322.9,326.4 2 0
github.com/PrivateCaptcha/PrivateCaptcha/pkg/api/verifier.go:327.3,329.55 3 0
github.com/PrivateCaptcha/PrivateCaptcha/pkg/api/verifier.go:332.2,338.63 6 0
github.com/PrivateCaptcha/PrivateCaptcha/pkg/api/verifier.go:338.63,340.3 1 0
github.com/PrivateCaptcha/PrivateCaptcha/pkg/api/verifier.go:342.2,345.30 2 0
github.com/PrivateCaptcha/PrivateCaptcha/pkg/common/auditlogevent.go:24.43,25.13 1 0
github.com/PrivateCaptcha/PrivateCaptcha/pkg/common/auditlogevent.go:26.28,27.18 1 0
github.com/PrivateCaptcha/PrivateCaptcha/pkg/common/auditlogevent.go:28.28,29.18 1 0
github.com/PrivateCaptcha/PrivateCaptcha/pkg/common/auditlogevent.go:30.28,31.18 1 0
github.com/PrivateCaptcha/PrivateCaptcha/pkg/common/auditlogevent.go:32.32,33.22 1 0
github.com/PrivateCaptcha/PrivateCaptcha/pkg/common/auditlogevent.go:34.29,35.19 1 0
github.com/PrivateCaptcha/PrivateCaptcha/pkg/common/auditlogevent.go:36.27,37.17 1 0
github.com/PrivateCaptcha/PrivateCaptcha/pkg/common/auditlogevent.go:38.28,39.18 1 0
github.com/PrivateCaptcha/PrivateCaptcha/pkg/common/auditlogevent.go:40.28,41.18 1 0
github.com/PrivateCaptcha/PrivateCaptcha/pkg/common/auditlogevent.go:42.10,43.32 1 0
github.com/PrivateCaptcha/PrivateCaptcha/pkg/common/auditlogevent.go:57.43,58.13 1 0
github.com/PrivateCaptcha/PrivateCaptcha/pkg/common/auditlogevent.go:59.29,60.19 1 0
github.com/PrivateCaptcha/PrivateCaptcha/pkg/common/auditlogevent.go:61.28,62.18 1 0
github.com/PrivateCaptcha/PrivateCaptcha/pkg/common/auditlogevent.go:63.25,64.15 1 0
github.com/PrivateCaptcha/PrivateCaptcha/pkg/common/auditlogevent.go:65.10,66.32 1 0
github.com/PrivateCaptcha/PrivateCaptcha/pkg/common/backfillrequest.go:13.41,15.2 1 0
github.com/PrivateCaptcha/PrivateCaptcha/pkg/common/batch.go:19.82,20.15 1 0
github.com/PrivateCaptcha/PrivateCaptcha/pkg/common/batch.go:20.15,21.35 1 0
github.com/PrivateCaptcha/PrivateCaptcha/pkg/common/batch.go:21.35,24.4 2 0
github.com/PrivateCaptcha/PrivateCaptcha/pkg/common/batch.go:27.2,27.33 1 0
github.com/PrivateCaptcha/PrivateCaptcha/pkg/common/batch.go:30.166,35.32 4 0
github.com/PrivateCaptcha/PrivateCaptcha/pkg/common/batch.go:35.32,36.32 1 0
github.com/PrivateCaptcha/PrivateCaptcha/pkg/common/batch.go:36.32,39.4 2 0
github.com/PrivateCaptcha/PrivateCaptcha/pkg/common/batch.go:41.3,41.10 1 0
github.com/PrivateCaptcha/PrivateCaptcha/pkg/common/batch.go:42.21,43.19 1 0
github.com/PrivateCaptcha/PrivateCaptcha/pkg/common/batch.go:45.30,46.11 1 0
github.com/PrivateCaptcha/PrivateCaptcha/pkg/common/batch.go:46.11,48.10 2 0
github.com/PrivateCaptcha/PrivateCaptcha/pkg/common/batch.go:51.4,53.33 2 0
github.com/PrivateCaptcha/PrivateCaptcha/pkg/common/batch.go:53.33,55.50 2 0
github.com/PrivateCaptcha/PrivateCaptcha/pkg/common/batch.go:55.50,57.6 1 0
github.com/PrivateCaptcha/PrivateCaptcha/pkg/common/batch.go:59.28,60.22 1 0
github.com/PrivateCaptcha/PrivateCaptcha/pkg/common/batch.go:60.22,62.50 2 0
github.com/PrivateCaptcha/PrivateCaptcha/pkg/common/batch.go:62.50,64.6 1 0
github.com/PrivateCaptcha/PrivateCaptcha/pkg/common/batch.go:69.2,69.52 1 0
github.com/PrivateCaptcha/PrivateCaptcha/pkg/common/batch.go:74.178,75.15 1 0
github.com/PrivateCaptcha/PrivateCaptcha/pkg/common/batch.go:75.15,76.35 1 0
github.com/PrivateCaptcha/PrivateCaptcha/pkg/common/batch.go:76.35,78.4 1 0
github.com/PrivateCaptcha/PrivateCaptcha/pkg/common/batch.go:81.2,85.32 4 0
github.com/PrivateCaptcha/PrivateCaptcha/pkg/common/batch.go:85.32,86.32 1 0
github.com/PrivateCaptcha/PrivateCaptcha/pkg/common/batch.go:86.32,89.4 2 0
github.com/PrivateCaptcha/PrivateCaptcha/pkg/common/batch.go:91.3,91.10 1 0
github.com/PrivateCaptcha/PrivateCaptcha/pkg/common/batch.go:92.21,93.19 1 0
github.com/PrivateCaptcha/PrivateCaptcha/pkg/common/batch.go:95.30,96.11 1 0
github.com/PrivateCaptcha/PrivateCaptcha/pkg/common/batch.go:96.11,98.10 2 0
github.com/PrivateCaptcha/PrivateCaptcha/pkg/common/batch.go:101.4,103.33 2 0
github.com/PrivateCaptcha/PrivateCaptcha/pkg/common/batch.go:103.33,105.50 2 0
github.com/PrivateCaptcha/PrivateCaptcha/pkg/common/batch.go:105.50,107.6 1 0
github.com/PrivateCaptcha/PrivateCaptcha/pkg/common/batch.go:109.28,110.22 1 0
github.com/PrivateCaptcha/PrivateCaptcha/pkg/common/batch.go:110.22,112.50 2 0
github.com/PrivateCaptcha/PrivateCaptcha/pkg/common/batch.go:112.50,114.6 1 0
github.com/PrivateCaptcha/PrivateCaptcha/pkg/common/batch.go:119.2,119.52 1 0
github.com/PrivateCaptcha/PrivateCaptcha/pkg/common/env.go:21.52,22.19 1 0
github.com/PrivateCaptcha/PrivateCaptcha/pkg/common/env.go:22.19,24.3 1 0
github.com/PrivateCaptcha/PrivateCaptcha/pkg/common/env.go:26.2,29.22 3 0
github.com/PrivateCaptcha/PrivateCaptcha/pkg/common/env.go:29.22,31.3 1 0
github.com/PrivateCaptcha/PrivateCaptcha/pkg/common/env.go:33.2,34.14 2 0
github.com/PrivateCaptcha/PrivateCaptcha/pkg/common/env.go:37.42,39.9 2 0
github.com/PrivateCaptcha/PrivateCaptcha/pkg/common/env.go:39.9,41.3 1 0
github.com/PrivateCaptcha/PrivateCaptcha/pkg/common/env.go:43.2,43.10 1 0
github.com/PrivateCaptcha/PrivateCaptcha/pkg/common/env.go:46.34,47.53 1 0
github.com/PrivateCaptcha/PrivateCaptcha/pkg/common/env.go:47.53,49.17 2 0
github.com/PrivateCaptcha/PrivateCaptcha/pkg/common/env.go:49.17,51.4 1 0
github.com/PrivateCaptcha/PrivateCaptcha/pkg/common/env.go:53.3,55.19 3 0
github.com/PrivateCaptcha/PrivateCaptcha/pkg/common/env.go:58.2,58.12 1 0
github.com/PrivateCaptcha/PrivateCaptcha/pkg/common/env.go:61.46,64.26 2 0
github.com/PrivateCaptcha/PrivateCaptcha/pkg/common/env.go:64.26,67.17 3 0
github.com/PrivateCaptcha/PrivateCaptcha/pkg/common/env.go:67.17,69.4 1 0
github.com/PrivateCaptcha/PrivateCaptcha/pkg/common/env.go:70.8,70.26 1 0
github.com/PrivateCaptcha/PrivateCaptcha/pkg/common/env.go:70.26,73.17 3 0
github.com/PrivateCaptcha/PrivateCaptcha/pkg/common/env.go:73.17,75.4 1 0
github.com/PrivateCaptcha/PrivateCaptcha/pkg/common/env.go:78.2,78.49 1 0
github.com/PrivateCaptcha/PrivateCaptcha/pkg/common/fingerprint.go:7.39,9.2 1 0
github.com/PrivateCaptcha/PrivateCaptcha/pkg/common/idhasher.go:18.52,20.25 2 0
github.com/PrivateCaptcha/PrivateCaptcha/pkg/common/idhasher.go:20.25,22.3 1 0
github.com/PrivateCaptcha/PrivateCaptcha/pkg/common/idhasher.go:24.2,30.3 4 0
github.com/PrivateCaptcha/PrivateCaptcha/pkg/common/idhasher.go:33.44,34.26 1 0
github.com/PrivateCaptcha/PrivateCaptcha/pkg/common/idhasher.go:34.26,35.63 1 0
github.com/PrivateCaptcha/PrivateCaptcha/pkg/common/idhasher.go:35.63,36.49 1 0
github.com/PrivateCaptcha/PrivateCaptcha/pkg/common/idhasher.go:36.49,38.5 1 0
github.com/PrivateCaptcha/PrivateCaptcha/pkg/common/idhasher.go:42.2,42.30 1 0
github.com/PrivateCaptcha/PrivateCaptcha/pkg/common/idhasher.go:45.48,46.26 1 0
github.com/PrivateCaptcha/PrivateCaptcha/pkg/common/idhasher.go:46.26,47.63 1 0
github.com/PrivateCaptcha/PrivateCaptcha/pkg/common/idhasher.go:47.63,48.56 1 0
github.com/PrivateCaptcha/PrivateCaptcha/pkg/common/idhasher.go:48.56,50.5 1 0
github.com/PrivateCaptcha/PrivateCaptcha/pkg/common/idhasher.go:54.2,54.34 1 0
github.com/PrivateCaptcha/PrivateCaptcha/pkg/common/idhasher.go:57.55,58.26 1 0
github.com/PrivateCaptcha/PrivateCaptcha/pkg/common/idhasher.go:58.26,60.3 1 0
github.com/PrivateCaptcha/PrivateCaptcha/pkg/common/idhasher.go:62.2,63.16 2 0
github.com/PrivateCaptcha/PrivateCaptcha/pkg/common/idhasher.go:63.16,65.3 1 0
github.com/PrivateCaptcha/PrivateCaptcha/pkg/common/idhasher.go:67.2,68.16 2 0
github.com/PrivateCaptcha/PrivateCaptcha/pkg/common/idhasher.go:68.16,70.3 1 0
github.com/PrivateCaptcha/PrivateCaptcha/pkg/common/idhasher.go:72.2,72.17 1 0
github.com/PrivateCaptcha/PrivateCaptcha/pkg/common/idhasher.go:72.17,74.3 1 0
github.com/PrivateCaptcha/PrivateCaptcha/pkg/common/idhasher.go:76.2,76.18 1 0
github.com/PrivateCaptcha/PrivateCaptcha/pkg/common/idhasher.go:79.59,80.26 1 0
github.com/PrivateCaptcha/PrivateCaptcha/pkg/common/idhasher.go:80.26,82.3 1 0
github.com/PrivateCaptcha/PrivateCaptcha/pkg/common/idhasher.go:84.2,85.16 2 0
github.com/PrivateCaptcha/PrivateCaptcha/pkg/common/idhasher.go:85.16,87.3 1 0
github.com/PrivateCaptcha/PrivateCaptcha/pkg/common/idhasher.go:89.2,90.16 2 0
github.com/PrivateCaptcha/PrivateCaptcha/pkg/common/idhasher.go:90.16,92.3 1 0
github.com/PrivateCaptcha/PrivateCaptcha/pkg/common/idhasher.go:94.2,94.17 1 0
github.com/PrivateCaptcha/PrivateCaptcha/pkg/common/idhasher.go:94.17,96.3 1 0
github.com/PrivateCaptcha/PrivateCaptcha/pkg/common/idhasher.go:98.2,98.18 1 0
github.com/PrivateCaptcha/PrivateCaptcha/pkg/common/job.go:38.58,38.84 1 0
github.com/PrivateCaptcha/PrivateCaptcha/pkg/common/job.go:39.58,39.70 1 0
github.com/PrivateCaptcha/PrivateCaptcha/pkg/common/job.go:40.58,40.79 1 0
github.com/PrivateCaptcha/PrivateCaptcha/pkg/common/job.go:41.58,41.72 1 0
github.com/PrivateCaptcha/PrivateCaptcha/pkg/common/job.go:43.65,46.15 2 0
github.com/PrivateCaptcha/PrivateCaptcha/pkg/common/job.go:46.15,47.35 1 0
github.com/PrivateCaptcha/PrivateCaptcha/pkg/common/job.go:47.35,49.4 1 0
github.com/PrivateCaptcha/PrivateCaptcha/pkg/common/job.go:52.2,56.47 3 0
github.com/PrivateCaptcha/PrivateCaptcha/pkg/common/job.go:56.47,58.3 1 0
github.com/PrivateCaptcha/PrivateCaptcha/pkg/common/job.go:60.2,60.48 1 0
github.com/PrivateCaptcha/PrivateCaptcha/pkg/common/job.go:64.75,65.15 1 0
github.com/PrivateCaptcha/PrivateCaptcha/pkg/common/job.go:65.15,66.35 1 0
github.com/PrivateCaptcha/PrivateCaptcha/pkg/common/job.go:66.35,68.4 1 0
github.com/PrivateCaptcha/PrivateCaptcha/pkg/common/job.go:71.2,73.31 2 0
github.com/PrivateCaptcha/PrivateCaptcha/pkg/common/job.go:73.31,75.3 1 0
github.com/PrivateCaptcha/PrivateCaptcha/pkg/common/job.go:77.2,77.51 1 0
github.com/PrivateCaptcha/PrivateCaptcha/pkg/common/job.go:80.57,83.15 2 1
github.com/PrivateCaptcha/PrivateCaptcha/pkg/common/job.go:83.15,84.35 1 1
github.com/PrivateCaptcha/PrivateCaptcha/pkg/common/job.go:84.35,86.4 1 0
github.com/PrivateCaptcha/PrivateCaptcha/pkg/common/job.go:89.2,94.6 3 1
github.com/PrivateCaptcha/PrivateCaptcha/pkg/common/job.go:94.6,103.10 6 1
github.com/PrivateCaptcha/PrivateCaptcha/pkg/common/job.go:104.21,107.10 3 1
github.com/PrivateCaptcha/PrivateCaptcha/pkg/common/job.go:109.18,111.21 1 1
github.com/PrivateCaptcha/PrivateCaptcha/pkg/common/job.go:111.21,112.12 1 0
github.com/PrivateCaptcha/PrivateCaptcha/pkg/common/job.go:113.20,113.20 0 0
github.com/PrivateCaptcha/PrivateCaptcha/pkg/common/job.go:114.13,114.13 0 0
github.com/PrivateCaptcha/PrivateCaptcha/pkg/common/job.go:117.4,118.17 2 1
github.com/PrivateCaptcha/PrivateCaptcha/pkg/common/job.go:120.18,122.17 2 0
github.com/PrivateCaptcha/PrivateCaptcha/pkg/common/job.go:125.3,125.13 1 1
github.com/PrivateCaptcha/PrivateCaptcha/pkg/common/job.go:125.13,126.11 1 1
github.com/PrivateCaptcha/PrivateCaptcha/pkg/common/job.go:126.11,130.44 3 1
github.com/PrivateCaptcha/PrivateCaptcha/pkg/common/job.go:130.44,133.6 2 0
github.com/PrivateCaptcha/PrivateCaptcha/pkg/common/job.go:135.5,135.41 1 1
github.com/PrivateCaptcha/PrivateCaptcha/pkg/common/job.go:141.79,144.15 2 1
github.com/PrivateCaptcha/PrivateCaptcha/pkg/common/job.go:144.15,145.35 1 1
github.com/PrivateCaptcha/PrivateCaptcha/pkg/common/job.go:145.35,147.4 1 0
github.com/PrivateCaptcha/PrivateCaptcha/pkg/common/job.go:150.2,152.22 2 1
github.com/PrivateCaptcha/PrivateCaptcha/pkg/common/job.go:152.22,156.42 3 1
github.com/PrivateCaptcha/PrivateCaptcha/pkg/common/job.go:156.42,159.4 2 1
github.com/PrivateCaptcha/PrivateCaptcha/pkg/common/job.go:161.3,161.42 1 1
github.com/PrivateCaptcha/PrivateCaptcha/pkg/common/job.go:163.2,163.16 1 1
github.com/PrivateCaptcha/PrivateCaptcha/pkg/common/job.go:163.16,165.3 1 1
github.com/PrivateCaptcha/PrivateCaptcha/pkg/common/job.go:166.2,166.12 1 1
github.com/PrivateCaptcha/PrivateCaptcha/pkg/common/jsontime.go:17.29,19.2 1 1
github.com/PrivateCaptcha/PrivateCaptcha/pkg/common/jsontime.go:21.47,23.2 1 0
github.com/PrivateCaptcha/PrivateCaptcha/pkg/common/jsontime.go:25.44,28.16 3 0
github.com/PrivateCaptcha/PrivateCaptcha/pkg/common/jsontime.go:28.16,31.3 2 0
github.com/PrivateCaptcha/PrivateCaptcha/pkg/common/jsontime.go:33.2,33.21 1 0
github.com/PrivateCaptcha/PrivateCaptcha/pkg/common/jsontime.go:37.50,40.16 3 1
github.com/PrivateCaptcha/PrivateCaptcha/pkg/common/jsontime.go:40.16,43.3 2 0
github.com/PrivateCaptcha/PrivateCaptcha/pkg/common/jsontime.go:44.2,45.12 2 1
github.com/PrivateCaptcha/PrivateCaptcha/pkg/common/jsontime.go:49.36,51.2 1 0
github.com/PrivateCaptcha/PrivateCaptcha/pkg/common/jsontime.go:54.49,58.2 3 1
github.com/PrivateCaptcha/PrivateCaptcha/pkg/common/jsontime.go:61.35,64.2 2 1
github.com/PrivateCaptcha/PrivateCaptcha/pkg/common/jsontime.go:66.41,68.2 1 0
github.com/PrivateCaptcha/PrivateCaptcha/pkg/common/log.go:19.75,20.16 1 0
github.com/PrivateCaptcha/PrivateCaptcha/pkg/common/log.go:20.16,21.77 1 0
github.com/PrivateCaptcha/PrivateCaptcha/pkg/common/log.go:21.77,23.4 1 0
github.com/PrivateCaptcha/PrivateCaptcha/pkg/common/log.go:25.3,25.79 1 0
github.com/PrivateCaptcha/PrivateCaptcha/pkg/common/log.go:25.79,27.4 1 0
github.com/PrivateCaptcha/PrivateCaptcha/pkg/common/log.go:29.3,29.77 1 0
github.com/PrivateCaptcha/PrivateCaptcha/pkg/common/log.go:29.77,31.4 1 0
github.com/PrivateCaptcha/PrivateCaptcha/pkg/common/log.go:34.2,34.33 1 0
github.com/PrivateCaptcha/PrivateCaptcha/pkg/common/log.go:37.68,39.2 1 0
github.com/PrivateCaptcha/PrivateCaptcha/pkg/common/log.go:41.78,43.2 1 0
github.com/PrivateCaptcha/PrivateCaptcha/pkg/common/log.go:45.62,47.2 1 0
github.com/PrivateCaptcha/PrivateCaptcha/pkg/common/log.go:49.93,51.28 2 0
github.com/PrivateCaptcha/PrivateCaptcha/pkg/common/log.go:51.28,53.3 1 0
github.com/PrivateCaptcha/PrivateCaptcha/pkg/common/log.go:55.2,55.60 1 0
github.com/PrivateCaptcha/PrivateCaptcha/pkg/common/log.go:58.72,59.78 1 0
github.com/PrivateCaptcha/PrivateCaptcha/pkg/common/log.go:59.78,61.3 1 0
github.com/PrivateCaptcha/PrivateCaptcha/pkg/common/log.go:63.2,63.12 1 0
github.com/PrivateCaptcha/PrivateCaptcha/pkg/common/log.go:66.76,67.77 1 0
github.com/PrivateCaptcha/PrivateCaptcha/pkg/common/log.go:67.77,69.3 1 0
github.com/PrivateCaptcha/PrivateCaptcha/pkg/common/log.go:71.2,71.11 1 0
github.com/PrivateCaptcha/PrivateCaptcha/pkg/common/log.go:74.57,76.13 2 0
github.com/PrivateCaptcha/PrivateCaptcha/pkg/common/log.go:76.13,78.3 1 0
github.com/PrivateCaptcha/PrivateCaptcha/pkg/common/log.go:80.2,80.21 1 0
github.com/PrivateCaptcha/PrivateCaptcha/pkg/common/log.go:83.59,95.2 8 0
github.com/PrivateCaptcha/PrivateCaptcha/pkg/common/log.go:97.23,103.2 3 0
github.com/PrivateCaptcha/PrivateCaptcha/pkg/common/log.go:105.74,107.8 2 0
github.com/PrivateCaptcha/PrivateCaptcha/pkg/common/log.go:107.8,109.3 1 0
github.com/PrivateCaptcha/PrivateCaptcha/pkg/common/log.go:111.2,112.8 2 0
github.com/PrivateCaptcha/PrivateCaptcha/pkg/common/log.go:112.8,114.3 1 0
github.com/PrivateCaptcha/PrivateCaptcha/pkg/common/log.go:116.2,116.18 1 0
github.com/PrivateCaptcha/PrivateCaptcha/pkg/common/log.go:119.35,121.2 1 1
github.com/PrivateCaptcha/PrivateCaptcha/pkg/common/log.go:123.40,128.2 1 0
github.com/PrivateCaptcha/PrivateCaptcha/pkg/common/log.go:130.42,135.2 1 0
github.com/PrivateCaptcha/PrivateCaptcha/pkg/common/log.go:137.40,142.2 1 0
github.com/PrivateCaptcha/PrivateCaptcha/pkg/common/log.go:149.59,152.2 2 0
github.com/PrivateCaptcha/PrivateCaptcha/pkg/common/mailer.go:40.77,46.2 1 0
github.com/PrivateCaptcha/PrivateCaptcha/pkg/common/mailer.go:61.47,61.65 1 0
github.com/PrivateCaptcha/PrivateCaptcha/pkg/common/mailer.go:62.47,62.72 1 0
github.com/PrivateCaptcha/PrivateCaptcha/pkg/common/mailer.go:63.47,63.72 1 0
github.com/PrivateCaptcha/PrivateCaptcha/pkg/common/mailer.go:65.40,69.23 3 0
github.com/PrivateCaptcha/PrivateCaptcha/pkg/common/mailer.go:69.23,71.30 2 0
github.com/PrivateCaptcha/PrivateCaptcha/pkg/common/mailer.go:71.30,73.4 1 0
github.com/PrivateCaptcha/PrivateCaptcha/pkg/common/mailer.go:73.9,73.37 1 0
github.com/PrivateCaptcha/PrivateCaptcha/pkg/common/mailer.go:73.37,75.4 1 0
github.com/PrivateCaptcha/PrivateCaptcha/pkg/common/mailer.go:75.9,77.4 1 0
github.com/PrivateCaptcha/PrivateCaptcha/pkg/common/mailer.go:78.3,78.43 1 0
github.com/PrivateCaptcha/PrivateCaptcha/pkg/common/mailer.go:81.2,81.16 1 0
github.com/PrivateCaptcha/PrivateCaptcha/pkg/common/mailer.go:84.60,85.25 1 0
github.com/PrivateCaptcha/PrivateCaptcha/pkg/common/mailer.go:85.25,86.30 1 0
github.com/PrivateCaptcha/PrivateCaptcha/pkg/common/mailer.go:86.30,87.77 1 0
github.com/PrivateCaptcha/PrivateCaptcha/pkg/common/mailer.go:87.77,89.5 1 0
github.com/PrivateCaptcha/PrivateCaptcha/pkg/common/mailer.go:89.10,91.5 1 0
github.com/PrivateCaptcha/PrivateCaptcha/pkg/common/mailer.go:93.3,93.30 1 0
github.com/PrivateCaptcha/PrivateCaptcha/pkg/common/mailer.go:93.30,94.77 1 0
github.com/PrivateCaptcha/PrivateCaptcha/pkg/common/mailer.go:94.77,96.5 1 0
github.com/PrivateCaptcha/PrivateCaptcha/pkg/common/mailer.go:96.10,98.5 1 0
github.com/PrivateCaptcha/PrivateCaptcha/pkg/common/mailer.go:103.92,107.26 3 0
github.com/PrivateCaptcha/PrivateCaptcha/pkg/common/mailer.go:107.26,108.59 1 0
github.com/PrivateCaptcha/PrivateCaptcha/pkg/common/mailer.go:108.59,111.4 2 0
github.com/PrivateCaptcha/PrivateCaptcha/pkg/common/mailer.go:114.2,114.26 1 0
github.com/PrivateCaptcha/PrivateCaptcha/pkg/common/mailer.go:117.92,121.26 3 0
github.com/PrivateCaptcha/PrivateCaptcha/pkg/common/mailer.go:121.26,122.59 1 0
github.com/PrivateCaptcha/PrivateCaptcha/pkg/common/mailer.go:122.59,125.4 2 0
github.com/PrivateCaptcha/PrivateCaptcha/pkg/common/mailer.go:128.2,128.26 1 0
github.com/PrivateCaptcha/PrivateCaptcha/pkg/common/middlewares.go:58.53,60.2 1 0
github.com/PrivateCaptcha/PrivateCaptcha/pkg/common/middlewares.go:62.48,63.71 1 0
github.com/PrivateCaptcha/PrivateCaptcha/pkg/common/middlewares.go:63.71,64.16 1 0
github.com/PrivateCaptcha/PrivateCaptcha/pkg/common/middlewares.go:64.16,65.36 1 0
github.com/PrivateCaptcha/PrivateCaptcha/pkg/common/middlewares.go:65.36,66.36 1 0
github.com/PrivateCaptcha/PrivateCaptcha/pkg/common/middlewares.go:66.36,67.16 1 0
github.com/PrivateCaptcha/PrivateCaptcha/pkg/common/middlewares.go:70.5,72.48 2 0
github.com/PrivateCaptcha/PrivateCaptcha/pkg/common/middlewares.go:72.48,74.6 1 0
github.com/PrivateCaptcha/PrivateCaptcha/pkg/common/middlewares.go:78.3,78.23 1 0
github.com/PrivateCaptcha/PrivateCaptcha/pkg/common/middlewares.go:82.73,83.46 1 0
github.com/PrivateCaptcha/PrivateCaptcha/pkg/common/middlewares.go:83.46,84.72 1 0
github.com/PrivateCaptcha/PrivateCaptcha/pkg/common/middlewares.go:84.72,87.4 2 0
github.com/PrivateCaptcha/PrivateCaptcha/pkg/common/middlewares.go:91.81,92.46 1 0
github.com/PrivateCaptcha/PrivateCaptcha/pkg/common/middlewares.go:92.46,93.53 1 0
github.com/PrivateCaptcha/PrivateCaptcha/pkg/common/middlewares.go:93.53,95.17 2 0
github.com/PrivateCaptcha/PrivateCaptcha/pkg/common/middlewares.go:95.17,97.46 2 0
github.com/PrivateCaptcha/PrivateCaptcha/pkg/common/middlewares.go:97.46,99.6 1 0
github.com/PrivateCaptcha/PrivateCaptcha/pkg/common/middlewares.go:102.4,103.24 2 0
github.com/PrivateCaptcha/PrivateCaptcha/pkg/common/middlewares.go:105.3,105.29 1 0
github.com/PrivateCaptcha/PrivateCaptcha/pkg/common/middlewares.go:109.71,111.2 1 0
github.com/PrivateCaptcha/PrivateCaptcha/pkg/common/middlewares.go:113.45,114.71 1 0
github.com/PrivateCaptcha/PrivateCaptcha/pkg/common/middlewares.go:114.71,117.3 2 0
github.com/PrivateCaptcha/PrivateCaptcha/pkg/common/middlewares.go:120.46,121.71 1 0
github.com/PrivateCaptcha/PrivateCaptcha/pkg/common/middlewares.go:121.71,124.3 2 0
github.com/PrivateCaptcha/PrivateCaptcha/pkg/common/middlewares.go:127.40,128.71 1 0
github.com/PrivateCaptcha/PrivateCaptcha/pkg/common/middlewares.go:128.71,130.3 1 0
github.com/PrivateCaptcha/PrivateCaptcha/pkg/common/middlewares.go:133.77,134.46 1 0
github.com/PrivateCaptcha/PrivateCaptcha/pkg/common/middlewares.go:134.46,138.3 3 0
github.com/PrivateCaptcha/PrivateCaptcha/pkg/common/middlewares.go:138.8,142.3 3 0
github.com/PrivateCaptcha/PrivateCaptcha/pkg/common/middlewares.go:145.95,147.21 2 0
github.com/PrivateCaptcha/PrivateCaptcha/pkg/common/middlewares.go:147.21,149.3 1 0
github.com/PrivateCaptcha/PrivateCaptcha/pkg/common/middlewares.go:151.2,151.19 1 0
github.com/PrivateCaptcha/PrivateCaptcha/pkg/common/middlewares.go:151.19,153.54 2 0
github.com/PrivateCaptcha/PrivateCaptcha/pkg/common/middlewares.go:153.54,155.4 1 0
github.com/PrivateCaptcha/PrivateCaptcha/pkg/common/middlewares.go:156.3,156.101 1 0
github.com/PrivateCaptcha/PrivateCaptcha/pkg/common/middlewares.go:159.2,160.29 2 0
github.com/PrivateCaptcha/PrivateCaptcha/pkg/common/middlewares.go:163.63,166.21 2 0
github.com/PrivateCaptcha/PrivateCaptcha/pkg/common/middlewares.go:166.21,168.3 1 0
github.com/PrivateCaptcha/PrivateCaptcha/pkg/common/middlewares.go:170.2,170.19 1 0
github.com/PrivateCaptcha/PrivateCaptcha/pkg/common/middlewares.go:173.55,177.23 3 0
github.com/PrivateCaptcha/PrivateCaptcha/pkg/common/middlewares.go:177.23,182.3 3 0
github.com/PrivateCaptcha/PrivateCaptcha/pkg/common/middlewares.go:190.55,192.2 1 0
github.com/PrivateCaptcha/PrivateCaptcha/pkg/common/middlewares.go:194.66,196.2 1 0
github.com/PrivateCaptcha/PrivateCaptcha/pkg/common/middlewares.go:198.43,200.29 2 0
github.com/PrivateCaptcha/PrivateCaptcha/pkg/common/middlewares.go:200.29,203.3 2 0
github.com/PrivateCaptcha/PrivateCaptcha/pkg/common/middlewares.go:204.2,204.39 1 0
github.com/PrivateCaptcha/PrivateCaptcha/pkg/common/middlewares.go:222.72,226.2 3 1
github.com/PrivateCaptcha/PrivateCaptcha/pkg/common/middlewares.go:228.59,230.2 1 0
github.com/PrivateCaptcha/PrivateCaptcha/pkg/common/middlewares.go:232.55,234.2 1 0
github.com/PrivateCaptcha/PrivateCaptcha/pkg/common/middlewares.go:236.56,238.2 1 0
github.com/PrivateCaptcha/PrivateCaptcha/pkg/common/middlewares.go:240.55,242.2 1 0
github.com/PrivateCaptcha/PrivateCaptcha/pkg/common/middlewares.go:244.58,246.2 1 0
github.com/PrivateCaptcha/PrivateCaptcha/pkg/common/middlewares.go:248.57,250.2 1 0
github.com/PrivateCaptcha/PrivateCaptcha/pkg/common/middlewares.go:252.45,257.2 3 1
github.com/PrivateCaptcha/PrivateCaptcha/pkg/common/middlewares.go:259.76,260.34 1 0
github.com/PrivateCaptcha/PrivateCaptcha/pkg/common/middlewares.go:260.34,261.31 1 0
github.com/PrivateCaptcha/PrivateCaptcha/pkg/common/middlewares.go:261.31,263.4 1 0
github.com/PrivateCaptcha/PrivateCaptcha/pkg/common/middlewares.go:266.2,266.19 1 0
github.com/PrivateCaptcha/PrivateCaptcha/pkg/common/middlewares.go:269.91,270.42 1 0
github.com/PrivateCaptcha/PrivateCaptcha/pkg/common/middlewares.go:270.42,274.3 3 0
github.com/PrivateCaptcha/PrivateCaptcha/pkg/common/middlewares.go:276.2,280.4 1 0
github.com/PrivateCaptcha/PrivateCaptcha/pkg/common/middlewares.go:283.59,284.34 1 0
github.com/PrivateCaptcha/PrivateCaptcha/pkg/common/middlewares.go:284.34,286.3 1 0
github.com/PrivateCaptcha/PrivateCaptcha/pkg/common/statuscode.go:45.37,47.2 1 0
github.com/PrivateCaptcha/PrivateCaptcha/pkg/common/statuscode.go:49.38,50.12 1 0
github.com/PrivateCaptcha/PrivateCaptcha/pkg/common/statuscode.go:51.16,52.14 1 0
github.com/PrivateCaptcha/PrivateCaptcha/pkg/common/statuscode.go:53.21,54.19 1 0
github.com/PrivateCaptcha/PrivateCaptcha/pkg/common/statuscode.go:55.23,56.21 1 0
github.com/PrivateCaptcha/PrivateCaptcha/pkg/common/statuscode.go:57.28,58.27 1 0
github.com/PrivateCaptcha/PrivateCaptcha/pkg/common/statuscode.go:59.27,60.29 1 0
github.com/PrivateCaptcha/PrivateCaptcha/pkg/common/statuscode.go:61.31,62.33 1 0
github.com/PrivateCaptcha/PrivateCaptcha/pkg/common/statuscode.go:63.33,64.29 1 0
github.com/PrivateCaptcha/PrivateCaptcha/pkg/common/statuscode.go:65.40,66.58 1 0
github.com/PrivateCaptcha/PrivateCaptcha/pkg/common/statuscode.go:67.35,68.55 1 0
github.com/PrivateCaptcha/PrivateCaptcha/pkg/common/statuscode.go:69.27,70.92 1 0
github.com/PrivateCaptcha/PrivateCaptcha/pkg/common/statuscode.go:71.30,72.58 1 0
github.com/PrivateCaptcha/PrivateCaptcha/pkg/common/statuscode.go:73.33,74.68 1 0
github.com/PrivateCaptcha/PrivateCaptcha/pkg/common/statuscode.go:75.32,76.42 1 0
github.com/PrivateCaptcha/PrivateCaptcha/pkg/common/statuscode.go:77.29,78.46 1 0
github.com/PrivateCaptcha/PrivateCaptcha/pkg/common/statuscode.go:79.31,80.41 1 0
github.com/PrivateCaptcha/PrivateCaptcha/pkg/common/statuscode.go:81.36,82.53 1 0
github.com/PrivateCaptcha/PrivateCaptcha/pkg/common/statuscode.go:83.36,84.33 1 0
[...]
github.com/PrivateCaptcha/PrivateCaptcha/pkg/portal/utils.go:140.82,147.2 1 0
github.com/PrivateCaptcha/PrivateCaptcha/pkg/portal/utils.go:149.86,156.2 1 0
github.com/PrivateCaptcha/PrivateCaptcha/pkg/portal/utils.go:158.135,166.2 1 0
github.com/PrivateCaptcha/PrivateCaptcha/pkg/portal/utils.go:168.97,177.2 1 0
github.com/PrivateCaptcha/PrivateCaptcha/pkg/puzzle/engine.go:20.38,28.2 1 0
github.com/PrivateCaptcha/PrivateCaptcha/pkg/puzzle/engine.go:30.40,34.2 1 0
github.com/PrivateCaptcha/PrivateCaptcha/pkg/puzzle/engine.go:36.52,38.2 1 0
github.com/PrivateCaptcha/PrivateCaptcha/pkg/puzzle/engine.go:40.52,41.31 1 0
github.com/PrivateCaptcha/PrivateCaptcha/pkg/puzzle/engine.go:41.31,43.3 1 0
github.com/PrivateCaptcha/PrivateCaptcha/pkg/puzzle/engine.go:45.2,47.31 2 0
github.com/PrivateCaptcha/PrivateCaptcha/pkg/puzzle/engine.go:47.31,49.3 1 0
github.com/PrivateCaptcha/PrivateCaptcha/pkg/puzzle/engine.go:51.2,51.15 1 0
github.com/PrivateCaptcha/PrivateCaptcha/pkg/puzzle/puzzle.go:45.106,55.2 1 1
github.com/PrivateCaptcha/PrivateCaptcha/pkg/puzzle/puzzle.go:57.66,58.64 1 1
github.com/PrivateCaptcha/PrivateCaptcha/pkg/puzzle/puzzle.go:58.64,60.3 1 0
github.com/PrivateCaptcha/PrivateCaptcha/pkg/puzzle/puzzle.go:62.2,64.12 2 1
github.com/PrivateCaptcha/PrivateCaptcha/pkg/puzzle/puzzle.go:67.59,67.80 1 1
github.com/PrivateCaptcha/PrivateCaptcha/pkg/puzzle/puzzle.go:68.59,68.82 1 1
github.com/PrivateCaptcha/PrivateCaptcha/pkg/puzzle/puzzle.go:69.59,69.91 1 1
github.com/PrivateCaptcha/PrivateCaptcha/pkg/puzzle/puzzle.go:70.59,70.82 1 1
github.com/PrivateCaptcha/PrivateCaptcha/pkg/puzzle/puzzle.go:71.59,71.82 1 0
github.com/PrivateCaptcha/PrivateCaptcha/pkg/puzzle/puzzle.go:73.42,84.2 7 0
github.com/PrivateCaptcha/PrivateCaptcha/pkg/puzzle/puzzle.go:86.28,93.2 3 1
github.com/PrivateCaptcha/PrivateCaptcha/pkg/puzzle/puzzle.go:95.39,97.2 1 1
github.com/PrivateCaptcha/PrivateCaptcha/pkg/puzzle/puzzle.go:99.39,101.2 1 1
github.com/PrivateCaptcha/PrivateCaptcha/pkg/puzzle/puzzle.go:103.61,105.72 2 1
github.com/PrivateCaptcha/PrivateCaptcha/pkg/puzzle/puzzle.go:105.72,107.3 1 0
github.com/PrivateCaptcha/PrivateCaptcha/pkg/puzzle/puzzle.go:108.2,110.53 2 1
github.com/PrivateCaptcha/PrivateCaptcha/pkg/puzzle/puzzle.go:110.53,112.3 1 0
github.com/PrivateCaptcha/PrivateCaptcha/pkg/puzzle/puzzle.go:113.2,115.73 2 1
github.com/PrivateCaptcha/PrivateCaptcha/pkg/puzzle/puzzle.go:115.73,117.3 1 0
github.com/PrivateCaptcha/PrivateCaptcha/pkg/puzzle/puzzle.go:118.2,120.75 2 1
github.com/PrivateCaptcha/PrivateCaptcha/pkg/puzzle/puzzle.go:120.75,122.3 1 0
github.com/PrivateCaptcha/PrivateCaptcha/pkg/puzzle/puzzle.go:123.2,125.79 2 1
github.com/PrivateCaptcha/PrivateCaptcha/pkg/puzzle/puzzle.go:125.79,127.3 1 0
github.com/PrivateCaptcha/PrivateCaptcha/pkg/puzzle/puzzle.go:128.2,131.28 3 1
github.com/PrivateCaptcha/PrivateCaptcha/pkg/puzzle/puzzle.go:131.28,133.3 1 1
github.com/PrivateCaptcha/PrivateCaptcha/pkg/puzzle/puzzle.go:134.2,134.73 1 1
github.com/PrivateCaptcha/PrivateCaptcha/pkg/puzzle/puzzle.go:134.73,136.3 1 0
github.com/PrivateCaptcha/PrivateCaptcha/pkg/puzzle/puzzle.go:137.2,139.48 2 1
github.com/PrivateCaptcha/PrivateCaptcha/pkg/puzzle/puzzle.go:139.48,141.3 1 0
github.com/PrivateCaptcha/PrivateCaptcha/pkg/puzzle/puzzle.go:142.2,144.15 2 1
github.com/PrivateCaptcha/PrivateCaptcha/pkg/puzzle/puzzle.go:147.57,149.43 2 1
github.com/PrivateCaptcha/PrivateCaptcha/pkg/puzzle/puzzle.go:149.43,151.3 1 0
github.com/PrivateCaptcha/PrivateCaptcha/pkg/puzzle/puzzle.go:152.2,152.25 1 1
github.com/PrivateCaptcha/PrivateCaptcha/pkg/puzzle/puzzle.go:155.60,156.57 1 1
github.com/PrivateCaptcha/PrivateCaptcha/pkg/puzzle/puzzle.go:156.57,158.3 1 1
github.com/PrivateCaptcha/PrivateCaptcha/pkg/puzzle/puzzle.go:160.2,178.25 13 1
github.com/PrivateCaptcha/PrivateCaptcha/pkg/puzzle/puzzle.go:178.25,180.3 1 1
github.com/PrivateCaptcha/PrivateCaptcha/pkg/puzzle/puzzle.go:181.2,187.12 4 1
github.com/PrivateCaptcha/PrivateCaptcha/pkg/puzzle/puzzle.go:195.110,199.16 3 1
github.com/PrivateCaptcha/PrivateCaptcha/pkg/puzzle/puzzle.go:199.16,202.3 2 0
github.com/PrivateCaptcha/PrivateCaptcha/pkg/puzzle/puzzle.go:204.2,204.24 1 1
github.com/PrivateCaptcha/PrivateCaptcha/pkg/puzzle/puzzle.go:204.24,205.54 1 0
github.com/PrivateCaptcha/PrivateCaptcha/pkg/puzzle/puzzle.go:205.54,208.4 2 0
github.com/PrivateCaptcha/PrivateCaptcha/pkg/puzzle/puzzle.go:211.2,222.51 8 1
github.com/PrivateCaptcha/PrivateCaptcha/pkg/puzzle/puzzle.go:222.51,225.3 2 0
github.com/PrivateCaptcha/PrivateCaptcha/pkg/puzzle/puzzle.go:226.2,226.45 1 1
github.com/PrivateCaptcha/PrivateCaptcha/pkg/puzzle/puzzle.go:226.45,229.3 2 0
github.com/PrivateCaptcha/PrivateCaptcha/pkg/puzzle/puzzle.go:231.2,234.57 3 1
github.com/PrivateCaptcha/PrivateCaptcha/pkg/puzzle/puzzle.go:234.57,237.3 2 0
github.com/PrivateCaptcha/PrivateCaptcha/pkg/puzzle/puzzle.go:238.2,238.48 1 1
github.com/PrivateCaptcha/PrivateCaptcha/pkg/puzzle/puzzle.go:238.48,241.3 2 0
github.com/PrivateCaptcha/PrivateCaptcha/pkg/puzzle/puzzle.go:243.2,243.16 1 1
github.com/PrivateCaptcha/PrivateCaptcha/pkg/puzzle/puzzle.go:246.51,247.54 1 1
github.com/PrivateCaptcha/PrivateCaptcha/pkg/puzzle/puzzle.go:247.54,249.3 1 0
github.com/PrivateCaptcha/PrivateCaptcha/pkg/puzzle/puzzle.go:251.2,253.57 2 1
github.com/PrivateCaptcha/PrivateCaptcha/pkg/puzzle/puzzle.go:253.57,255.3 1 0
github.com/PrivateCaptcha/PrivateCaptcha/pkg/puzzle/puzzle.go:257.2,257.12 1 1
github.com/PrivateCaptcha/PrivateCaptcha/pkg/puzzle/puzzle.go:260.37,262.2 1 1
github.com/PrivateCaptcha/PrivateCaptcha/pkg/puzzle/puzzle.go:264.56,270.15 5 1
github.com/PrivateCaptcha/PrivateCaptcha/pkg/puzzle/puzzle.go:270.15,272.3 1 1
github.com/PrivateCaptcha/PrivateCaptcha/pkg/puzzle/puzzle.go:274.2,274.61 1 1
github.com/PrivateCaptcha/PrivateCaptcha/pkg/puzzle/puzzle.go:274.61,276.3 1 1
github.com/PrivateCaptcha/PrivateCaptcha/pkg/puzzle/puzzle.go:278.2,278.37 1 1
github.com/PrivateCaptcha/PrivateCaptcha/pkg/puzzle/puzzle.go:278.37,280.3 1 1
github.com/PrivateCaptcha/PrivateCaptcha/pkg/puzzle/puzzle.go:282.2,282.80 1 1
github.com/PrivateCaptcha/PrivateCaptcha/pkg/puzzle/puzzle.go:282.80,284.3 1 1
github.com/PrivateCaptcha/PrivateCaptcha/pkg/puzzle/puzzle.go:286.2,286.13 1 1
github.com/PrivateCaptcha/PrivateCaptcha/pkg/puzzle/puzzle.go:301.56,302.38 1 0
github.com/PrivateCaptcha/PrivateCaptcha/pkg/puzzle/puzzle.go:302.38,303.18 1 0
github.com/PrivateCaptcha/PrivateCaptcha/pkg/puzzle/puzzle.go:303.18,305.4 1 0
github.com/PrivateCaptcha/PrivateCaptcha/pkg/puzzle/puzzle.go:308.2,308.10 1 0
github.com/PrivateCaptcha/PrivateCaptcha/pkg/puzzle/puzzle.go:311.81,313.16 2 0
github.com/PrivateCaptcha/PrivateCaptcha/pkg/puzzle/puzzle.go:313.16,316.3 2 0
github.com/PrivateCaptcha/PrivateCaptcha/pkg/puzzle/puzzle.go:318.2,318.42 1 0
github.com/PrivateCaptcha/PrivateCaptcha/pkg/puzzle/puzzle.go:318.42,320.3 1 0
github.com/PrivateCaptcha/PrivateCaptcha/pkg/puzzle/puzzle.go:322.2,323.30 2 0
github.com/PrivateCaptcha/PrivateCaptcha/pkg/puzzle/salt.go:10.33,19.2 4 1
github.com/PrivateCaptcha/PrivateCaptcha/pkg/puzzle/salt.go:21.30,23.2 1 1
github.com/PrivateCaptcha/PrivateCaptcha/pkg/puzzle/salt.go:25.35,27.2 1 1
github.com/PrivateCaptcha/PrivateCaptcha/pkg/puzzle/signature.go:21.73,24.24 2 1
github.com/PrivateCaptcha/PrivateCaptcha/pkg/puzzle/signature.go:24.24,26.3 1 0
github.com/PrivateCaptcha/PrivateCaptcha/pkg/puzzle/signature.go:28.2,33.3 1 1
github.com/PrivateCaptcha/PrivateCaptcha/pkg/puzzle/signature.go:36.37,38.2 1 0
github.com/PrivateCaptcha/PrivateCaptcha/pkg/puzzle/signature.go:40.38,42.2 1 1
github.com/PrivateCaptcha/PrivateCaptcha/pkg/puzzle/signature.go:44.57,45.72 1 1
github.com/PrivateCaptcha/PrivateCaptcha/pkg/puzzle/signature.go:45.72,47.3 1 0
github.com/PrivateCaptcha/PrivateCaptcha/pkg/puzzle/signature.go:48.2,48.70 1 1
github.com/PrivateCaptcha/PrivateCaptcha/pkg/puzzle/signature.go:48.70,50.3 1 0
github.com/PrivateCaptcha/PrivateCaptcha/pkg/puzzle/signature.go:51.2,51.76 1 1
github.com/PrivateCaptcha/PrivateCaptcha/pkg/puzzle/signature.go:51.76,53.3 1 0
github.com/PrivateCaptcha/PrivateCaptcha/pkg/puzzle/signature.go:54.2,55.26 2 1
github.com/PrivateCaptcha/PrivateCaptcha/pkg/puzzle/signature.go:58.53,60.43 2 0
github.com/PrivateCaptcha/PrivateCaptcha/pkg/puzzle/signature.go:60.43,62.3 1 0
github.com/PrivateCaptcha/PrivateCaptcha/pkg/puzzle/signature.go:63.2,63.25 1 0
github.com/PrivateCaptcha/PrivateCaptcha/pkg/puzzle/signature.go:66.56,67.19 1 1
github.com/PrivateCaptcha/PrivateCaptcha/pkg/puzzle/signature.go:67.19,69.3 1 1
github.com/PrivateCaptcha/PrivateCaptcha/pkg/puzzle/signature.go:71.2,83.12 9 0
github.com/PrivateCaptcha/PrivateCaptcha/pkg/puzzle/solutions.go:39.52,42.87 2 1
github.com/PrivateCaptcha/PrivateCaptcha/pkg/puzzle/solutions.go:42.87,44.3 1 0
github.com/PrivateCaptcha/PrivateCaptcha/pkg/puzzle/solutions.go:45.2,45.77 1 1
github.com/PrivateCaptcha/PrivateCaptcha/pkg/puzzle/solutions.go:45.77,47.3 1 0
github.com/PrivateCaptcha/PrivateCaptcha/pkg/puzzle/solutions.go:49.2,50.16 2 1
github.com/PrivateCaptcha/PrivateCaptcha/pkg/puzzle/solutions.go:50.16,52.3 1 0
github.com/PrivateCaptcha/PrivateCaptcha/pkg/puzzle/solutions.go:53.2,53.74 1 1
github.com/PrivateCaptcha/PrivateCaptcha/pkg/puzzle/solutions.go:53.74,55.3 1 0
github.com/PrivateCaptcha/PrivateCaptcha/pkg/puzzle/solutions.go:57.2,57.81 1 1
github.com/PrivateCaptcha/PrivateCaptcha/pkg/puzzle/solutions.go:57.81,59.3 1 0
github.com/PrivateCaptcha/PrivateCaptcha/pkg/puzzle/solutions.go:61.2,61.25 1 1
github.com/PrivateCaptcha/PrivateCaptcha/pkg/puzzle/solutions.go:64.55,65.32 1 0
github.com/PrivateCaptcha/PrivateCaptcha/pkg/puzzle/solutions.go:65.32,67.3 1 0
github.com/PrivateCaptcha/PrivateCaptcha/pkg/puzzle/solutions.go:69.2,72.18 3 0
github.com/PrivateCaptcha/PrivateCaptcha/pkg/puzzle/solutions.go:72.18,74.3 1 0
github.com/PrivateCaptcha/PrivateCaptcha/pkg/puzzle/solutions.go:75.2,86.12 8 0
github.com/PrivateCaptcha/PrivateCaptcha/pkg/puzzle/solutions.go:89.38,90.14 1 0
github.com/PrivateCaptcha/PrivateCaptcha/pkg/puzzle/solutions.go:90.14,92.3 1 0
github.com/PrivateCaptcha/PrivateCaptcha/pkg/puzzle/solutions.go:94.2,94.20 1 0
github.com/PrivateCaptcha/PrivateCaptcha/pkg/puzzle/solutions.go:97.36,98.14 1 0
github.com/PrivateCaptcha/PrivateCaptcha/pkg/puzzle/solutions.go:98.14,100.3 1 0
github.com/PrivateCaptcha/PrivateCaptcha/pkg/puzzle/solutions.go:102.2,102.19 1 0
github.com/PrivateCaptcha/PrivateCaptcha/pkg/puzzle/solutions.go:105.43,106.14 1 0
github.com/PrivateCaptcha/PrivateCaptcha/pkg/puzzle/solutions.go:106.14,108.3 1 0
github.com/PrivateCaptcha/PrivateCaptcha/pkg/puzzle/solutions.go:110.2,110.24 1 0
github.com/PrivateCaptcha/PrivateCaptcha/pkg/puzzle/solutions.go:118.43,127.2 1 1
github.com/PrivateCaptcha/PrivateCaptcha/pkg/puzzle/solutions.go:129.52,130.20 1 0
github.com/PrivateCaptcha/PrivateCaptcha/pkg/puzzle/solutions.go:130.20,132.3 1 0
github.com/PrivateCaptcha/PrivateCaptcha/pkg/puzzle/solutions.go:134.2,136.16 3 0
github.com/PrivateCaptcha/PrivateCaptcha/pkg/puzzle/solutions.go:136.16,138.3 1 0
github.com/PrivateCaptcha/PrivateCaptcha/pkg/puzzle/solutions.go:139.2,140.28 2 0
github.com/PrivateCaptcha/PrivateCaptcha/pkg/puzzle/solutions.go:140.28,142.3 1 0
github.com/PrivateCaptcha/PrivateCaptcha/pkg/puzzle/solutions.go:144.2,145.80 2 0
github.com/PrivateCaptcha/PrivateCaptcha/pkg/puzzle/solutions.go:145.80,147.3 1 0
github.com/PrivateCaptcha/PrivateCaptcha/pkg/puzzle/solutions.go:149.2,151.45 2 0
github.com/PrivateCaptcha/PrivateCaptcha/pkg/puzzle/solutions.go:151.45,153.3 1 0
github.com/PrivateCaptcha/PrivateCaptcha/pkg/puzzle/solutions.go:155.2,158.8 1 0
github.com/PrivateCaptcha/PrivateCaptcha/pkg/puzzle/solutions.go:161.37,163.66 2 1
github.com/PrivateCaptcha/PrivateCaptcha/pkg/puzzle/solutions.go:163.66,165.3 1 1
github.com/PrivateCaptcha/PrivateCaptcha/pkg/puzzle/solutions.go:166.2,167.55 2 1
github.com/PrivateCaptcha/PrivateCaptcha/pkg/puzzle/solutions.go:173.55,175.2 1 1
github.com/PrivateCaptcha/PrivateCaptcha/pkg/puzzle/solutions.go:177.41,180.65 2 1
github.com/PrivateCaptcha/PrivateCaptcha/pkg/puzzle/solutions.go:180.65,184.48 3 1
github.com/PrivateCaptcha/PrivateCaptcha/pkg/puzzle/solutions.go:184.48,187.4 2 1
github.com/PrivateCaptcha/PrivateCaptcha/pkg/puzzle/solutions.go:189.3,189.38 1 1
github.com/PrivateCaptcha/PrivateCaptcha/pkg/puzzle/solutions.go:192.2,192.12 1 1
github.com/PrivateCaptcha/PrivateCaptcha/pkg/puzzle/solutions.go:195.100,196.43 1 1
github.com/PrivateCaptcha/PrivateCaptcha/pkg/puzzle/solutions.go:196.43,199.3 2 0
github.com/PrivateCaptcha/PrivateCaptcha/pkg/puzzle/solutions.go:201.2,201.21 1 1
github.com/PrivateCaptcha/PrivateCaptcha/pkg/puzzle/solutions.go:201.21,204.3 2 1
github.com/PrivateCaptcha/PrivateCaptcha/pkg/puzzle/solutions.go:206.2,211.65 3 1
github.com/PrivateCaptcha/PrivateCaptcha/pkg/puzzle/solutions.go:211.65,219.17 7 1
github.com/PrivateCaptcha/PrivateCaptcha/pkg/puzzle/solutions.go:219.17,221.12 2 0
github.com/PrivateCaptcha/PrivateCaptcha/pkg/puzzle/solutions.go:224.3,224.28 1 1
github.com/PrivateCaptcha/PrivateCaptcha/pkg/puzzle/solutions.go:224.28,227.12 2 1
github.com/PrivateCaptcha/PrivateCaptcha/pkg/puzzle/solutions.go:230.3,230.19 1 1
github.com/PrivateCaptcha/PrivateCaptcha/pkg/puzzle/solutions.go:233.2,235.28 2 1
github.com/PrivateCaptcha/PrivateCaptcha/pkg/puzzle/solver.go:16.71,18.27 2 1
github.com/PrivateCaptcha/PrivateCaptcha/pkg/puzzle/solver.go:18.27,21.28 2 1
github.com/PrivateCaptcha/PrivateCaptcha/pkg/puzzle/solver.go:21.28,24.29 2 1
github.com/PrivateCaptcha/PrivateCaptcha/pkg/puzzle/solver.go:24.29,27.30 2 1
github.com/PrivateCaptcha/PrivateCaptcha/pkg/puzzle/solver.go:27.30,33.20 5 1
github.com/PrivateCaptcha/PrivateCaptcha/pkg/puzzle/solver.go:33.20,35.15 2 0
github.com/PrivateCaptcha/PrivateCaptcha/pkg/puzzle/solver.go:38.6,38.32 1 1
github.com/PrivateCaptcha/PrivateCaptcha/pkg/puzzle/solver.go:38.32,40.7 1 1
github.com/PrivateCaptcha/PrivateCaptcha/pkg/puzzle/solver.go:46.2,46.37 1 0
github.com/PrivateCaptcha/PrivateCaptcha/pkg/puzzle/solver.go:49.47,50.34 1 1
github.com/PrivateCaptcha/PrivateCaptcha/pkg/puzzle/solver.go:50.34,54.3 3 1
github.com/PrivateCaptcha/PrivateCaptcha/pkg/puzzle/solver.go:56.2,56.12 1 1
github.com/PrivateCaptcha/PrivateCaptcha/pkg/puzzle/solver.go:59.61,60.16 1 1
github.com/PrivateCaptcha/PrivateCaptcha/pkg/puzzle/solver.go:60.16,62.3 1 1
github.com/PrivateCaptcha/PrivateCaptcha/pkg/puzzle/solver.go:64.2,67.16 3 1
github.com/PrivateCaptcha/PrivateCaptcha/pkg/puzzle/solver.go:67.16,69.3 1 0
github.com/PrivateCaptcha/PrivateCaptcha/pkg/puzzle/solver.go:71.2,80.42 7 1
github.com/PrivateCaptcha/PrivateCaptcha/pkg/puzzle/solver.go:80.42,87.24 5 1
github.com/PrivateCaptcha/PrivateCaptcha/pkg/puzzle/solver.go:87.24,95.4 6 1
github.com/PrivateCaptcha/PrivateCaptcha/pkg/puzzle/solver.go:98.2,102.30 4 1
github.com/PrivateCaptcha/PrivateCaptcha/pkg/puzzle/solver.go:102.30,104.3 1 1
github.com/PrivateCaptcha/PrivateCaptcha/pkg/puzzle/solver.go:106.2,115.8 2 1
github.com/PrivateCaptcha/PrivateCaptcha/pkg/puzzle/verifier.go:47.41,48.14 1 0
github.com/PrivateCaptcha/PrivateCaptcha/pkg/puzzle/verifier.go:49.21,50.20 1 0
github.com/PrivateCaptcha/PrivateCaptcha/pkg/puzzle/verifier.go:51.24,52.23 1 0
github.com/PrivateCaptcha/PrivateCaptcha/pkg/puzzle/verifier.go:53.31,54.31 1 0
github.com/PrivateCaptcha/PrivateCaptcha/pkg/puzzle/verifier.go:55.28,56.28 1 0
github.com/PrivateCaptcha/PrivateCaptcha/pkg/puzzle/verifier.go:57.26,58.31 1 0
github.com/PrivateCaptcha/PrivateCaptcha/pkg/puzzle/verifier.go:59.26,60.26 1 0
github.com/PrivateCaptcha/PrivateCaptcha/pkg/puzzle/verifier.go:61.28,62.28 1 0
github.com/PrivateCaptcha/PrivateCaptcha/pkg/puzzle/verifier.go:63.23,64.35 1 0
github.com/PrivateCaptcha/PrivateCaptcha/pkg/puzzle/verifier.go:65.21,66.30 1 0
github.com/PrivateCaptcha/PrivateCaptcha/pkg/puzzle/verifier.go:67.27,68.36 1 0
github.com/PrivateCaptcha/PrivateCaptcha/pkg/puzzle/verifier.go:69.28,70.28 1 0
github.com/PrivateCaptcha/PrivateCaptcha/pkg/puzzle/verifier.go:71.25,72.25 1 0
github.com/PrivateCaptcha/PrivateCaptcha/pkg/puzzle/verifier.go:73.22,74.27 1 0
github.com/PrivateCaptcha/PrivateCaptcha/pkg/puzzle/verifier.go:75.10,76.17 1 0
github.com/PrivateCaptcha/PrivateCaptcha/pkg/puzzle/verifier.go:98.122,99.23 1 0
github.com/PrivateCaptcha/PrivateCaptcha/pkg/puzzle/verifier.go:99.23,101.3 1 0
github.com/PrivateCaptcha/PrivateCaptcha/pkg/puzzle/verifier.go:103.2,103.65 1 0
github.com/PrivateCaptcha/PrivateCaptcha/pkg/puzzle/verifier.go:103.65,106.3 2 0
github.com/PrivateCaptcha/PrivateCaptcha/pkg/puzzle/verifier.go:108.2,110.89 3 0
github.com/PrivateCaptcha/PrivateCaptcha/pkg/puzzle/verifier.go:110.89,113.3 2 0
github.com/PrivateCaptcha/PrivateCaptcha/pkg/puzzle/verifier.go:115.2,118.16 4 0
github.com/PrivateCaptcha/PrivateCaptcha/pkg/puzzle/verifier.go:118.16,121.3 2 0
github.com/PrivateCaptcha/PrivateCaptcha/pkg/puzzle/verifier.go:123.2,124.27 2 0
github.com/PrivateCaptcha/PrivateCaptcha/pkg/puzzle/verifier.go:124.27,126.3 1 0
github.com/PrivateCaptcha/PrivateCaptcha/pkg/puzzle/verifier.go:128.2,131.16 4 0
github.com/PrivateCaptcha/PrivateCaptcha/pkg/puzzle/verifier.go:131.16,134.3 2 0
github.com/PrivateCaptcha/PrivateCaptcha/pkg/puzzle/verifier.go:135.2,136.30 2 0
github.com/PrivateCaptcha/PrivateCaptcha/pkg/puzzle/verifier.go:136.30,138.3 1 0
github.com/PrivateCaptcha/PrivateCaptcha/pkg/puzzle/verifier.go:140.2,143.57 3 0
github.com/PrivateCaptcha/PrivateCaptcha/pkg/puzzle/verifier.go:143.57,146.3 2 0
github.com/PrivateCaptcha/PrivateCaptcha/pkg/puzzle/verifier.go:148.2,149.60 2 0
github.com/PrivateCaptcha/PrivateCaptcha/pkg/puzzle/verifier.go:149.60,152.3 2 0
github.com/PrivateCaptcha/PrivateCaptcha/pkg/puzzle/verifier.go:154.2,159.8 1 0
github.com/PrivateCaptcha/PrivateCaptcha/pkg/puzzle/verifier.go:162.48,164.2 1 0
github.com/PrivateCaptcha/PrivateCaptcha/pkg/puzzle/verifier.go:166.99,167.52 1 0
github.com/PrivateCaptcha/PrivateCaptcha/pkg/puzzle/verifier.go:167.52,170.3 2 0
github.com/PrivateCaptcha/PrivateCaptcha/pkg/puzzle/verifier.go:172.2,174.57 2 0
github.com/PrivateCaptcha/PrivateCaptcha/pkg/puzzle/verifier.go:174.57,177.3 2 0
github.com/PrivateCaptcha/PrivateCaptcha/pkg/puzzle/verifier.go:179.2,179.53 1 0
github.com/PrivateCaptcha/PrivateCaptcha/pkg/puzzle/verifier.go:179.53,180.54 1 0
github.com/PrivateCaptcha/PrivateCaptcha/pkg/puzzle/verifier.go:180.54,183.4 2 0
github.com/PrivateCaptcha/PrivateCaptcha/pkg/puzzle/verifier.go:186.2,188.54 2 0
github.com/PrivateCaptcha/PrivateCaptcha/pkg/puzzle/verifier.go:188.54,191.3 2 0
github.com/PrivateCaptcha/PrivateCaptcha/pkg/puzzle/verifier.go:193.2,193.12 1 0
github.com/PrivateCaptcha/PrivateCaptcha/pkg/puzzle/verifier.go:196.42,198.2 1 0
github.com/PrivateCaptcha/PrivateCaptcha/pkg/puzzle/verifier.go:200.88,202.16 2 0
github.com/PrivateCaptcha/PrivateCaptcha/pkg/puzzle/verifier.go:202.16,205.3 2 0
github.com/PrivateCaptcha/PrivateCaptcha/pkg/puzzle/verifier.go:207.2,207.50 1 0
github.com/PrivateCaptcha/PrivateCaptcha/pkg/puzzle/verifier.go:207.50,210.3 2 0
github.com/PrivateCaptcha/PrivateCaptcha/pkg/puzzle/verifier.go:212.2,213.42 2 0
github.com/PrivateCaptcha/PrivateCaptcha/pkg/puzzle/verifier.go:213.42,217.3 3 0
github.com/PrivateCaptcha/PrivateCaptcha/pkg/puzzle/verifier.go:219.2,220.16 2 0
github.com/PrivateCaptcha/PrivateCaptcha/pkg/puzzle/verifier.go:220.16,223.3 2 0
github.com/PrivateCaptcha/PrivateCaptcha/pkg/puzzle/verifier.go:225.2,225.91 1 0
github.com/PrivateCaptcha/PrivateCaptcha/pkg/puzzle/verifier.go:225.91,228.3 2 0
github.com/PrivateCaptcha/PrivateCaptcha/pkg/puzzle/verifier.go:230.2,230.42 1 0
github.com/PrivateCaptcha/PrivateCaptcha/pkg/puzzle/verifier.go:233.50,235.2 1 0
github.com/PrivateCaptcha/PrivateCaptcha/pkg/puzzle/verifier.go:241.91,243.2 1 0
github.com/PrivateCaptcha/PrivateCaptcha/pkg/puzzle/verifier.go:244.45,246.2 1 0
github.com/PrivateCaptcha/PrivateCaptcha/pkg/puzzle/verifier.go:247.51,249.2 1 0
github.com/PrivateCaptcha/PrivateCaptcha/pkg/puzzle/verifier.go:250.102,252.2 1 0
